30.0 APEX_CODE,FINEST;APEX_PROFILING,INFO;CALLOUT,INFO;DB,INFO;SYSTEM,DEBUG;VALIDATION,INFO;VISUALFORCE,INFO;WAVE,INFO;WORKFLOW,INFO
Execute Anonymous: List<Contact> c = RandomContactFactory.generateRandomContacts(3,'Smith'); System.assertEquals(c.size(),3); System.assertNotEquals(c[0].FirstName,c[1].FirstName);
16:24:47.2 (2303514)|USER_INFO|[EXTERNAL]|00536000002KqDD|pjuneau@trailhead.com|Pacific Standard Time|GMT-07:00
16:24:47.2 (2318963)|EXECUTION_STARTED
16:24:47.2 (2323796)|CODE_UNIT_STARTED|[EXTERNAL]|execute_anonymous_apex
16:24:47.2 (2646540)|VARIABLE_SCOPE_BEGIN|[1]|c|List<Contact>|true|false
16:24:47.2 (2968008)|HEAP_ALLOCATE|[72]|Bytes:3
16:24:47.2 (3045955)|HEAP_ALLOCATE|[77]|Bytes:152
16:24:47.2 (3064890)|HEAP_ALLOCATE|[342]|Bytes:408
16:24:47.2 (3088607)|HEAP_ALLOCATE|[355]|Bytes:408
16:24:47.2 (3107462)|HEAP_ALLOCATE|[467]|Bytes:48
16:24:47.2 (3142060)|HEAP_ALLOCATE|[139]|Bytes:6
16:24:47.2 (3169520)|HEAP_ALLOCATE|[EXTERNAL]|Bytes:1
16:24:47.2 (3350064)|STATEMENT_EXECUTE|[1]
16:24:47.2 (3353640)|STATEMENT_EXECUTE|[1]
16:24:47.2 (3360467)|HEAP_ALLOCATE|[1]|Bytes:5
16:24:47.2 (3415421)|HEAP_ALLOCATE|[50]|Bytes:5
16:24:47.2 (3440504)|HEAP_ALLOCATE|[56]|Bytes:5
16:24:47.2 (3449628)|HEAP_ALLOCATE|[64]|Bytes:7
16:24:47.2 (3474023)|SYSTEM_MODE_ENTER|false
16:24:47.2 (3499019)|HEAP_ALLOCATE|[1]|Bytes:5
16:24:47.2 (36844372)|HEAP_ALLOCATE|[1]|Bytes:1
16:24:47.2 (36882350)|METHOD_ENTRY|[1]|01p3600000IlsQs|RandomContactFactory.RandomContactFactory()
16:24:47.2 (36887693)|STATEMENT_EXECUTE|[1]
16:24:47.2 (36895116)|STATEMENT_EXECUTE|[1]
16:24:47.2 (36905027)|METHOD_EXIT|[1]|RandomContactFactory
16:24:47.2 (36955649)|METHOD_ENTRY|[1]|01p3600000IlsQs|RandomContactFactory.generateRandomContacts(Integer, String)
16:24:47.2 (36996006)|VARIABLE_SCOPE_BEGIN|[2]|numContacts|Integer|false|false
16:24:47.2 (37022685)|VARIABLE_ASSIGNMENT|[2]|numContacts|3
16:24:47.2 (37029609)|VARIABLE_SCOPE_BEGIN|[2]|lastname|String|false|false
16:24:47.2 (37040349)|VARIABLE_ASSIGNMENT|[2]|lastname|"Smith"
16:24:47.2 (37047920)|STATEMENT_EXECUTE|[2]
16:24:47.2 (37050292)|STATEMENT_EXECUTE|[3]
16:24:47.2 (37058149)|HEAP_ALLOCATE|[3]|Bytes:4
16:24:47.2 (37187565)|VARIABLE_SCOPE_BEGIN|[3]|contactList|List<Contact>|true|false
16:24:47.2 (37199637)|HEAP_ALLOCATE|[EXTERNAL]|Bytes:4
16:24:47.2 (37213774)|VARIABLE_ASSIGNMENT|[3]|contactList|[]|0x4c7b1e36
16:24:47.2 (37216954)|STATEMENT_EXECUTE|[4]
16:24:47.2 (37220854)|VARIABLE_SCOPE_BEGIN|[4]|i|Integer|false|false
16:24:47.2 (37223124)|HEAP_ALLOCATE|[4]|Bytes:4
16:24:47.2 (37228237)|VARIABLE_ASSIGNMENT|[4]|i|0
16:24:47.2 (37232748)|STATEMENT_EXECUTE|[4]
16:24:47.2 (37233880)|STATEMENT_EXECUTE|[5]
16:24:47.2 (37258053)|HEAP_ALLOCATE|[5]|Bytes:4
16:24:47.2 (37372735)|HEAP_ALLOCATE|[5]|Bytes:11
16:24:47.2 (37511970)|HEAP_ALLOCATE|[5]|Bytes:1
16:24:47.2 (37553661)|HEAP_ALLOCATE|[5]|Bytes:12
16:24:47.2 (37621489)|VARIABLE_ASSIGNMENT|[5]|this.FirstName|"TestContact0"|0xde3c188
16:24:47.2 (37665347)|VARIABLE_SCOPE_BEGIN|[5]|testContact|Contact|true|false
16:24:47.2 (37686067)|VARIABLE_ASSIGNMENT|[5]|testContact|{"FirstName":"TestContact0"}|0xde3c188
16:24:47.2 (37690959)|STATEMENT_EXECUTE|[6]
16:24:47.2 (37742309)|HEAP_ALLOCATE|[EXTERNAL]|Bytes:4
16:24:47.2 (37758281)|HEAP_ALLOCATE|[4]|Bytes:4
16:24:47.2 (37769594)|VARIABLE_ASSIGNMENT|[4]|i|1
16:24:47.2 (37775310)|STATEMENT_EXECUTE|[4]
16:24:47.2 (37777202)|STATEMENT_EXECUTE|[5]
16:24:47.2 (37797505)|HEAP_ALLOCATE|[5]|Bytes:4
16:24:47.2 (37833680)|HEAP_ALLOCATE|[5]|Bytes:1
16:24:47.2 (37863200)|HEAP_ALLOCATE|[5]|Bytes:12
16:24:47.2 (37911898)|VARIABLE_ASSIGNMENT|[5]|this.FirstName|"TestContact1"|0x58e85fe0
16:24:47.2 (37929996)|VARIABLE_SCOPE_BEGIN|[5]|testContact|Contact|true|false
16:24:47.2 (37945427)|VARIABLE_ASSIGNMENT|[5]|testContact|{"FirstName":"TestContact1"}|0x58e85fe0
16:24:47.2 (37949631)|STATEMENT_EXECUTE|[6]
16:24:47.2 (37962587)|HEAP_ALLOCATE|[EXTERNAL]|Bytes:4
16:24:47.2 (37971600)|HEAP_ALLOCATE|[4]|Bytes:4
16:24:47.2 (37980983)|VARIABLE_ASSIGNMENT|[4]|i|2
16:24:47.2 (37986807)|STATEMENT_EXECUTE|[4]
16:24:47.2 (37988841)|STATEMENT_EXECUTE|[5]
16:24:47.2 (38007230)|HEAP_ALLOCATE|[5]|Bytes:4
16:24:47.2 (38043699)|HEAP_ALLOCATE|[5]|Bytes:1
16:24:47.2 (38078405)|HEAP_ALLOCATE|[5]|Bytes:12
16:24:47.2 (38129762)|VARIABLE_ASSIGNMENT|[5]|this.FirstName|"TestContact2"|0x1508b49e
16:24:47.2 (38146996)|VARIABLE_SCOPE_BEGIN|[5]|testContact|Contact|true|false
16:24:47.2 (38162829)|VARIABLE_ASSIGNMENT|[5]|testContact|{"FirstName":"TestContact2"}|0x1508b49e
16:24:47.2 (38167302)|STATEMENT_EXECUTE|[6]
16:24:47.2 (38181969)|HEAP_ALLOCATE|[EXTERNAL]|Bytes:4
16:24:47.2 (38192405)|HEAP_ALLOCATE|[4]|Bytes:4
16:24:47.2 (38202442)|VARIABLE_ASSIGNMENT|[4]|i|3
16:24:47.2 (38208719)|STATEMENT_EXECUTE|[8]
16:24:47.2 (38219230)|METHOD_EXIT|[1]|01p3600000IlsQs|RandomContactFactory.generateRandomContacts(Integer, String)
16:24:47.2 (38231488)|SYSTEM_MODE_EXIT|false
16:24:47.2 (38314455)|VARIABLE_ASSIGNMENT|[1]|c|[{"FirstName":"TestContact0"},{"FirstName":"TestContact1"},{"FirstName":"TestContact2"}]|0x4c7b1e36
16:24:47.2 (38321987)|STATEMENT_EXECUTE|[1]
16:24:47.2 (38392918)|STATEMENT_EXECUTE|[1]
16:24:47.2 (38415681)|HEAP_ALLOCATE|[1]|Bytes:8
16:24:47.2 (38476683)|HEAP_ALLOCATE|[1]|Bytes:8
16:24:47.38 (38590220)|CUMULATIVE_LIMIT_USAGE
16:24:47.38 (38590220)|LIMIT_USAGE_FOR_NS|(default)|
  Number of SOQL queries: 0 out of 100
  Number of query rows: 0 out of 50000
  Number of SOSL queries: 0 out of 20
  Number of DML statements: 0 out of 150
  Number of DML rows: 0 out of 10000
  Maximum CPU time: 0 out of 10000
  Maximum heap size: 0 out of 6000000
  Number of callouts: 0 out of 100
  Number of Email Invocations: 0 out of 10
  Number of future calls: 0 out of 50
  Number of queueable jobs added to the queue: 0 out of 50
  Number of Mobile Apex push calls: 0 out of 10

16:24:47.38 (38590220)|CUMULATIVE_LIMIT_USAGE_END

16:24:47.2 (38646807)|CODE_UNIT_FINISHED|execute_anonymous_apex
16:24:47.2 (41889582)|EXECUTION_FINISHED
