30.0 APEX_CODE,FINEST;APEX_PROFILING,INFO;CALLOUT,INFO;DB,INFO;SYSTEM,DEBUG;VALIDATION,INFO;VISUALFORCE,INFO;WAVE,INFO;WORKFLOW,INFO
Execute Anonymous: List<Contact> contacts = [SELECT ID from Contact WHERE LastName = 'Smith']; List<Lead> leads = [SELECT ID from Lead where LastName='Smith']; System.assertNotEquals(contacts.size(),0); System.assertNotEquals(leads.size(),0);
12:45:38.2 (2245609)|USER_INFO|[EXTERNAL]|00536000002KqDD|pjuneau@trailhead.com|Pacific Standard Time|GMT-07:00
12:45:38.2 (2263672)|EXECUTION_STARTED
12:45:38.2 (2267828)|CODE_UNIT_STARTED|[EXTERNAL]|execute_anonymous_apex
12:45:38.2 (2459431)|VARIABLE_SCOPE_BEGIN|[1]|contacts|List<Contact>|true|false
12:45:38.2 (2510938)|VARIABLE_SCOPE_BEGIN|[1]|leads|List<Lead>|true|false
12:45:38.2 (2639276)|HEAP_ALLOCATE|[72]|Bytes:3
12:45:38.2 (2669600)|HEAP_ALLOCATE|[77]|Bytes:152
12:45:38.2 (2685316)|HEAP_ALLOCATE|[342]|Bytes:408
12:45:38.2 (2707398)|HEAP_ALLOCATE|[355]|Bytes:408
12:45:38.2 (2726857)|HEAP_ALLOCATE|[467]|Bytes:48
12:45:38.2 (2761188)|HEAP_ALLOCATE|[139]|Bytes:6
12:45:38.2 (2796754)|HEAP_ALLOCATE|[EXTERNAL]|Bytes:1
12:45:38.2 (2932563)|STATEMENT_EXECUTE|[1]
12:45:38.2 (2936842)|STATEMENT_EXECUTE|[1]
12:45:38.2 (2941493)|HEAP_ALLOCATE|[1]|Bytes:47
12:45:38.2 (2953469)|HEAP_ALLOCATE|[1]|Bytes:4
12:45:38.2 (3003110)|HEAP_ALLOCATE|[50]|Bytes:5
12:45:38.2 (3029841)|HEAP_ALLOCATE|[56]|Bytes:5
12:45:38.2 (3051079)|HEAP_ALLOCATE|[64]|Bytes:7
12:45:38.2 (3362255)|SOQL_EXECUTE_BEGIN|[1]|Aggregations:0|SELECT ID FROM Contact WHERE LastName = 'Smith'
12:45:38.2 (30527873)|SOQL_EXECUTE_END|[1]|Rows:2
12:45:38.2 (30568731)|HEAP_ALLOCATE|[1]|Bytes:12
12:45:38.2 (30582941)|HEAP_ALLOCATE|[1]|Bytes:58
12:45:38.2 (30631803)|HEAP_ALLOCATE|[1]|Bytes:12
12:45:38.2 (30699031)|VARIABLE_ASSIGNMENT|[1]|contacts|[{"Id":"0033600000FdAP0AAN"},{"Id":"0033600000H20RzAAJ"}]|0x590c2695
12:45:38.2 (30705017)|STATEMENT_EXECUTE|[1]
12:45:38.2 (30709622)|HEAP_ALLOCATE|[1]|Bytes:44
12:45:38.2 (30718380)|HEAP_ALLOCATE|[1]|Bytes:4
12:45:38.2 (31147811)|SOQL_EXECUTE_BEGIN|[1]|Aggregations:0|SELECT ID FROM Lead WHERE LastName = 'Smith'
12:45:38.2 (73036495)|SOQL_EXECUTE_END|[1]|Rows:1
12:45:38.2 (73078300)|HEAP_ALLOCATE|[1]|Bytes:8
12:45:38.2 (73099496)|HEAP_ALLOCATE|[1]|Bytes:29
12:45:38.2 (73167389)|HEAP_ALLOCATE|[1]|Bytes:8
12:45:38.2 (73236114)|VARIABLE_ASSIGNMENT|[1]|leads|[{"Id":"00Q3600000a81SiEAI"}]|0x6f659211
12:45:38.2 (73244889)|STATEMENT_EXECUTE|[1]
12:45:38.2 (73721467)|STATEMENT_EXECUTE|[1]
12:45:38.73 (73879373)|CUMULATIVE_LIMIT_USAGE
12:45:38.73 (73879373)|LIMIT_USAGE_FOR_NS|(default)|
  Number of SOQL queries: 2 out of 100
  Number of query rows: 3 out of 50000
  Number of SOSL queries: 0 out of 20
  Number of DML statements: 0 out of 150
  Number of DML rows: 0 out of 10000
  Maximum CPU time: 0 out of 10000
  Maximum heap size: 0 out of 6000000
  Number of callouts: 0 out of 100
  Number of Email Invocations: 0 out of 10
  Number of future calls: 0 out of 50
  Number of queueable jobs added to the queue: 0 out of 50
  Number of Mobile Apex push calls: 0 out of 10

12:45:38.73 (73879373)|CUMULATIVE_LIMIT_USAGE_END

12:45:38.2 (73920915)|CODE_UNIT_FINISHED|execute_anonymous_apex
12:45:38.2 (76732476)|EXECUTION_FINISHED
