39.0 APEX_CODE,FINEST;APEX_PROFILING,INFO;CALLOUT,INFO;DB,INFO;SYSTEM,DEBUG;VALIDATION,INFO;VISUALFORCE,INFO;WAVE,INFO;WORKFLOW,INFO
Execute Anonymous: EmailMissionSpecialist em = new EmailMissionSpecialist();
Execute Anonymous: em.sendMail('juneaupaul3@gmail.com', 'Flight Path Change', 
Execute Anonymous:    'Mission Control 123: Your flight path has been changed to avoid collision '
Execute Anonymous:    + 'with asteroid 2014 QO441.');
13:42:27.1 (1884822)|USER_INFO|[EXTERNAL]|00536000002KqDD|pjuneau@trailhead.com|Pacific Standard Time|GMT-07:00
13:42:27.1 (1901337)|EXECUTION_STARTED
13:42:27.1 (1905435)|CODE_UNIT_STARTED|[EXTERNAL]|execute_anonymous_apex
13:42:27.1 (3568962)|VARIABLE_SCOPE_BEGIN|[1]|em|EmailMissionSpecialist|true|false
13:42:27.1 (3735031)|HEAP_ALLOCATE|[72]|Bytes:3
13:42:27.1 (3829687)|HEAP_ALLOCATE|[77]|Bytes:152
13:42:27.1 (3855009)|HEAP_ALLOCATE|[342]|Bytes:408
13:42:27.1 (3891592)|HEAP_ALLOCATE|[355]|Bytes:408
13:42:27.1 (3912301)|HEAP_ALLOCATE|[467]|Bytes:48
13:42:27.1 (3945097)|HEAP_ALLOCATE|[139]|Bytes:6
13:42:27.1 (3975181)|HEAP_ALLOCATE|[EXTERNAL]|Bytes:5
13:42:27.1 (4012536)|STATEMENT_EXECUTE|[1]
13:42:27.1 (4016570)|STATEMENT_EXECUTE|[1]
13:42:27.1 (4020650)|HEAP_ALLOCATE|[1]|Bytes:4
13:42:27.1 (4024954)|HEAP_ALLOCATE|[1]|Bytes:5
13:42:27.1 (4055435)|METHOD_ENTRY|[1]|01p3600000Im11I|EmailMissionSpecialist.EmailMissionSpecialist()
13:42:27.1 (4060587)|STATEMENT_EXECUTE|[1]
13:42:27.1 (4065619)|STATEMENT_EXECUTE|[1]
13:42:27.1 (4073997)|METHOD_EXIT|[1]|EmailMissionSpecialist
13:42:27.1 (4090178)|HEAP_ALLOCATE|[1]|Bytes:4
13:42:27.1 (4140465)|HEAP_ALLOCATE|[50]|Bytes:5
13:42:27.1 (4162851)|HEAP_ALLOCATE|[56]|Bytes:5
13:42:27.1 (4171868)|HEAP_ALLOCATE|[64]|Bytes:7
13:42:27.1 (4206045)|SYSTEM_MODE_ENTER|false
13:42:27.1 (4229777)|HEAP_ALLOCATE|[1]|Bytes:5
13:42:27.1 (4257777)|CONSTRUCTOR_ENTRY|[1]|01p3600000Im11I|<init>()
13:42:27.1 (4289887)|VARIABLE_SCOPE_BEGIN|[1]|this|EmailMissionSpecialist|true|false
13:42:27.1 (4338433)|VARIABLE_ASSIGNMENT|[1]|this|{}|0x6b66e296
13:42:27.1 (4347825)|HEAP_ALLOCATE|[EXTERNAL]|Bytes:6
13:42:27.1 (4374005)|STATEMENT_EXECUTE|[1]
13:42:27.1 (4380848)|CONSTRUCTOR_EXIT|[1]|01p3600000Im11I|<init>()
13:42:27.1 (4389106)|SYSTEM_MODE_EXIT|false
13:42:27.1 (4409583)|VARIABLE_ASSIGNMENT|[1]|em|{}|0x6b66e296
13:42:27.1 (4412860)|STATEMENT_EXECUTE|[2]
13:42:27.1 (4419498)|HEAP_ALLOCATE|[2]|Bytes:21
13:42:27.1 (4422976)|HEAP_ALLOCATE|[2]|Bytes:18
13:42:27.1 (4425249)|HEAP_ALLOCATE|[3]|Bytes:99
13:42:27.1 (4450738)|SYSTEM_MODE_ENTER|false
13:42:27.1 (4460517)|HEAP_ALLOCATE|[2]|Bytes:5
13:42:27.1 (4496485)|METHOD_ENTRY|[2]|01p3600000Im11I|EmailMissionSpecialist.sendMail(String, String, String)
13:42:27.1 (4521097)|VARIABLE_SCOPE_BEGIN|[4]|this|EmailMissionSpecialist|true|false
13:42:27.1 (4534181)|VARIABLE_ASSIGNMENT|[4]|this|{}|0x6b66e296
13:42:27.1 (4538575)|VARIABLE_SCOPE_BEGIN|[4]|address|String|false|false
13:42:27.1 (4548573)|VARIABLE_ASSIGNMENT|[4]|address|"juneaupaul3@gmail.co (1 more) ..."
13:42:27.1 (4550871)|VARIABLE_SCOPE_BEGIN|[4]|subject|String|false|false
13:42:27.1 (4553670)|VARIABLE_ASSIGNMENT|[4]|subject|"Flight Path Change"
13:42:27.1 (4555611)|VARIABLE_SCOPE_BEGIN|[4]|body|String|false|false
13:42:27.1 (4559194)|VARIABLE_ASSIGNMENT|[4]|body|"Mission Control 123: (79 more) ..."
13:42:27.1 (4566799)|STATEMENT_EXECUTE|[4]
13:42:27.1 (4568701)|STATEMENT_EXECUTE|[6]
13:42:27.1 (4638939)|VARIABLE_SCOPE_BEGIN|[6]|mail|Messaging.SingleEmailMessage|true|false
13:42:27.1 (4814202)|VARIABLE_ASSIGNMENT|[6]|mail|"common.api.soap.wsdl.SingleEmailMessage@711f0401"|0x1c441ec0
13:42:27.1 (4821381)|STATEMENT_EXECUTE|[7]
13:42:27.1 (4857785)|HEAP_ALLOCATE|[7]|Bytes:4
13:42:27.1 (4919273)|VARIABLE_SCOPE_BEGIN|[7]|toAddresses|List<String>|true|false
13:42:27.1 (4947305)|HEAP_ALLOCATE|[EXTERNAL]|Bytes:8
13:42:27.1 (4961344)|VARIABLE_ASSIGNMENT|[7]|toAddresses|["juneaupaul3@gmail.co (1 more) ..."]|0x74faea91
13:42:27.1 (4966513)|STATEMENT_EXECUTE|[8]
13:42:27.1 (5009399)|STATEMENT_EXECUTE|[9]
13:42:27.1 (5046844)|STATEMENT_EXECUTE|[10]
13:42:27.1 (5064081)|STATEMENT_EXECUTE|[13]
13:42:27.1 (5088289)|HEAP_ALLOCATE|[14]|Bytes:4
13:42:27.1 (5176785)|HEAP_ALLOCATE|[EXTERNAL]|Bytes:8
13:42:27.1 (5228777)|HEAP_ALLOCATE|[EXTERNAL]|Bytes:8
13:42:27.1 (74081954)|EMAIL_QUEUE|[13]|subject: Flight Path Change, bccSender: false, saveAsActivity: true, useSignature: true, toAddresses: [juneaupaul3@gmail.com], plainTextBody: Mission Control 123: Your flight path has been changed to avoid collision with asteroid 2014 QO441., 
13:42:27.1 (74165220)|HEAP_ALLOCATE|[EXTERNAL]|Bytes:8
13:42:27.1 (74204740)|HEAP_ALLOCATE|[13]|Bytes:8
13:42:27.1 (74234221)|VARIABLE_SCOPE_BEGIN|[13]|results|List<Messaging.SendEmailResult>|true|false
13:42:27.1 (74375441)|VARIABLE_ASSIGNMENT|[13]|results|"common.apex.runtime.impl.ScalarList@5475b10b"|0x565e0083
13:42:27.1 (74969559)|HEAP_ALLOCATE|[13]|Bytes:5
13:42:27.1 (76062610)|HEAP_ALLOCATE|[EXTERNAL]|Bytes:8
13:42:27.1 (76956502)|HEAP_ALLOCATE|[EXTERNAL]|Bytes:4
13:42:27.1 (304914761)|HEAP_DUMP|[17]|07n360000008UfZ|EmailMissionSpecialist|none|17
13:42:27.1 (305182627)|STATEMENT_EXECUTE|[17]
13:42:27.1 (305244825)|METHOD_ENTRY|[17]|01p3600000Im11I|EmailMissionSpecialist.inspectResults(List<Messaging.SendEmailResult>)
13:42:27.1 (305358314)|VARIABLE_SCOPE_BEGIN|[21]|results|List<Messaging.SendEmailResult>|true|false
13:42:27.1 (305497998)|VARIABLE_ASSIGNMENT|[21]|results|"common.apex.runtime.impl.ScalarList@5475b10b"|0x565e0083
13:42:27.1 (305573428)|STATEMENT_EXECUTE|[21]
13:42:27.1 (305594007)|STATEMENT_EXECUTE|[22]
13:42:27.1 (305602418)|VARIABLE_SCOPE_BEGIN|[22]|sendResult|Boolean|false|false
13:42:27.1 (305612879)|HEAP_ALLOCATE|[22]|Bytes:5
13:42:27.1 (305626466)|VARIABLE_ASSIGNMENT|[22]|sendResult|true
13:42:27.1 (305810328)|HEAP_ALLOCATE|[27]|Bytes:5
13:42:27.1 (305924194)|HEAP_ALLOCATE|[27]|Bytes:12
13:42:27.1 (305951597)|VARIABLE_SCOPE_BEGIN|[27]|res|Messaging.SendEmailResult|true|false
13:42:27.1 (306028500)|VARIABLE_ASSIGNMENT|[27]|res|"common.api.soap.wsdl.SendEmailResult@5475b0ec"|0x7362d158
13:42:27.1 (306044870)|STATEMENT_EXECUTE|[27]
13:42:27.1 (306077408)|STATEMENT_EXECUTE|[28]
13:42:27.1 (306083246)|STATEMENT_EXECUTE|[29]
13:42:27.1 (306088766)|HEAP_ALLOCATE|[29]|Bytes:23
13:42:27.1 (306138817)|USER_DEBUG|[29]|DEBUG|Email sent successfully
13:42:27.1 (306156753)|HEAP_ALLOCATE|[27]|Bytes:5
13:42:27.1 (306169820)|VARIABLE_ASSIGNMENT|[27]|res|null|
13:42:27.1 (306182082)|STATEMENT_EXECUTE|[36]
13:42:27.1 (306190815)|METHOD_EXIT|[17]|01p3600000Im11I|EmailMissionSpecialist.inspectResults(List<Messaging.SendEmailResult>)
13:42:27.1 (306200061)|METHOD_EXIT|[2]|01p3600000Im11I|EmailMissionSpecialist.sendMail(String, String, String)
13:42:27.1 (306213173)|SYSTEM_MODE_EXIT|false
13:42:27.337 (337799658)|CUMULATIVE_LIMIT_USAGE
13:42:27.337 (337799658)|LIMIT_USAGE_FOR_NS|(default)|
  Number of SOQL queries: 0 out of 100
  Number of query rows: 0 out of 50000
  Number of SOSL queries: 0 out of 20
  Number of DML statements: 0 out of 150
  Number of DML rows: 0 out of 10000
  Maximum CPU time: 0 out of 10000
  Maximum heap size: 0 out of 6000000
  Number of callouts: 0 out of 100
  Number of Email Invocations: 1 out of 10
  Number of future calls: 0 out of 50
  Number of queueable jobs added to the queue: 0 out of 50
  Number of Mobile Apex push calls: 0 out of 10

13:42:27.337 (337799658)|CUMULATIVE_LIMIT_USAGE_END

13:42:27.1 (337851977)|CODE_UNIT_FINISHED|execute_anonymous_apex
13:42:27.1 (340815664)|EXECUTION_FINISHED
