39.0 APEX_CODE,FINEST;APEX_PROFILING,INFO;CALLOUT,INFO;DB,INFO;SYSTEM,DEBUG;VALIDATION,INFO;VISUALFORCE,INFO;WAVE,INFO;WORKFLOW,INFO
Execute Anonymous: EmailMissionSpecialist em = new EmailMissionSpecialist();
Execute Anonymous: em.sendMail('juneaupaul3@gmail.com', 'Flight Path Change', 
Execute Anonymous:    'Mission Control 123: Your flight path has been changed to avoid collision '
Execute Anonymous:    + 'with asteroid 2014 QO441.');
08:45:12.5 (5233467)|USER_INFO|[EXTERNAL]|00536000002KqDD|pjuneau@trailhead.com|Pacific Standard Time|GMT-07:00
08:45:12.5 (5250493)|EXECUTION_STARTED
08:45:12.5 (5255233)|CODE_UNIT_STARTED|[EXTERNAL]|execute_anonymous_apex
08:45:12.5 (34540681)|VARIABLE_SCOPE_BEGIN|[1]|em|EmailMissionSpecialist|true|false
08:45:12.5 (34712835)|HEAP_ALLOCATE|[72]|Bytes:3
08:45:12.5 (34801005)|HEAP_ALLOCATE|[77]|Bytes:152
08:45:12.5 (34825554)|HEAP_ALLOCATE|[342]|Bytes:408
08:45:12.5 (34863498)|HEAP_ALLOCATE|[355]|Bytes:408
08:45:12.5 (34896244)|HEAP_ALLOCATE|[467]|Bytes:48
08:45:12.5 (34944211)|HEAP_ALLOCATE|[139]|Bytes:6
08:45:12.5 (34988310)|HEAP_ALLOCATE|[EXTERNAL]|Bytes:5
08:45:12.5 (35040131)|STATEMENT_EXECUTE|[1]
08:45:12.5 (35044856)|STATEMENT_EXECUTE|[1]
08:45:12.5 (35053181)|HEAP_ALLOCATE|[1]|Bytes:4
08:45:12.5 (35100171)|HEAP_ALLOCATE|[1]|Bytes:5
08:45:12.5 (35148280)|METHOD_ENTRY|[1]|01p3600000Im11I|EmailMissionSpecialist.EmailMissionSpecialist()
08:45:12.5 (35154618)|STATEMENT_EXECUTE|[1]
08:45:12.5 (35161884)|STATEMENT_EXECUTE|[1]
08:45:12.5 (35174171)|METHOD_EXIT|[1]|EmailMissionSpecialist
08:45:12.5 (35197836)|HEAP_ALLOCATE|[1]|Bytes:4
08:45:12.5 (35247503)|HEAP_ALLOCATE|[50]|Bytes:5
08:45:12.5 (35273669)|HEAP_ALLOCATE|[56]|Bytes:5
08:45:12.5 (35285658)|HEAP_ALLOCATE|[64]|Bytes:7
08:45:12.5 (35308096)|SYSTEM_MODE_ENTER|false
08:45:12.5 (35331145)|HEAP_ALLOCATE|[1]|Bytes:5
08:45:12.5 (35351909)|CONSTRUCTOR_ENTRY|[1]|01p3600000Im11I|<init>()
08:45:12.5 (35382206)|VARIABLE_SCOPE_BEGIN|[1]|this|EmailMissionSpecialist|true|false
08:45:12.5 (35474633)|VARIABLE_ASSIGNMENT|[1]|this|{}|0x6dd3a1bb
08:45:12.5 (35490058)|HEAP_ALLOCATE|[EXTERNAL]|Bytes:6
08:45:12.5 (35524545)|STATEMENT_EXECUTE|[1]
08:45:12.5 (35534454)|CONSTRUCTOR_EXIT|[1]|01p3600000Im11I|<init>()
08:45:12.5 (35543303)|SYSTEM_MODE_EXIT|false
08:45:12.5 (35596037)|VARIABLE_ASSIGNMENT|[1]|em|{}|0x6dd3a1bb
08:45:12.5 (35602463)|STATEMENT_EXECUTE|[2]
08:45:12.5 (35611492)|HEAP_ALLOCATE|[2]|Bytes:21
08:45:12.5 (35617741)|HEAP_ALLOCATE|[2]|Bytes:18
08:45:12.5 (35621669)|HEAP_ALLOCATE|[3]|Bytes:99
08:45:12.5 (35654675)|SYSTEM_MODE_ENTER|false
08:45:12.5 (35665911)|HEAP_ALLOCATE|[2]|Bytes:5
08:45:12.5 (35705993)|METHOD_ENTRY|[2]|01p3600000Im11I|EmailMissionSpecialist.sendMail(String, String, String)
08:45:12.5 (35730763)|VARIABLE_SCOPE_BEGIN|[4]|this|EmailMissionSpecialist|true|false
08:45:12.5 (35755125)|VARIABLE_ASSIGNMENT|[4]|this|{}|0x6dd3a1bb
08:45:12.5 (35762265)|VARIABLE_SCOPE_BEGIN|[4]|address|String|false|false
08:45:12.5 (35793721)|VARIABLE_ASSIGNMENT|[4]|address|"juneaupaul3@gmail.co (1 more) ..."
08:45:12.5 (35800965)|VARIABLE_SCOPE_BEGIN|[4]|subject|String|false|false
08:45:12.5 (35808018)|VARIABLE_ASSIGNMENT|[4]|subject|"Flight Path Change"
08:45:12.5 (35811667)|VARIABLE_SCOPE_BEGIN|[4]|body|String|false|false
08:45:12.5 (35818341)|VARIABLE_ASSIGNMENT|[4]|body|"Mission Control 123: (79 more) ..."
08:45:12.5 (35826203)|STATEMENT_EXECUTE|[4]
08:45:12.5 (35828509)|STATEMENT_EXECUTE|[6]
08:45:12.5 (35918339)|VARIABLE_SCOPE_BEGIN|[6]|mail|Messaging.SingleEmailMessage|true|false
08:45:12.5 (36249098)|VARIABLE_ASSIGNMENT|[6]|mail|"common.api.soap.wsdl.SingleEmailMessage@1267bba1"|0x11bb83e3
08:45:12.5 (36256763)|STATEMENT_EXECUTE|[7]
08:45:12.5 (36304844)|HEAP_ALLOCATE|[7]|Bytes:4
08:45:12.5 (36388842)|VARIABLE_SCOPE_BEGIN|[7]|toAddresses|List<String>|true|false
08:45:12.5 (36434288)|HEAP_ALLOCATE|[EXTERNAL]|Bytes:8
08:45:12.5 (36455088)|VARIABLE_ASSIGNMENT|[7]|toAddresses|["juneaupaul3@gmail.co (1 more) ..."]|0x79869ede
08:45:12.5 (36459652)|STATEMENT_EXECUTE|[8]
08:45:12.5 (36521817)|STATEMENT_EXECUTE|[9]
08:45:12.5 (36583650)|STATEMENT_EXECUTE|[10]
08:45:12.5 (36614487)|STATEMENT_EXECUTE|[13]
08:45:12.5 (36652111)|HEAP_ALLOCATE|[14]|Bytes:4
08:45:12.5 (36771782)|HEAP_ALLOCATE|[EXTERNAL]|Bytes:8
08:45:12.5 (36986163)|HEAP_ALLOCATE|[EXTERNAL]|Bytes:8
08:45:12.5 (329986493)|EMAIL_QUEUE|[13]|subject: Flight Path Change, bccSender: false, saveAsActivity: true, useSignature: true, toAddresses: [juneaupaul3@gmail.com], plainTextBody: Mission Control 123: Your flight path has been changed to avoid collision with asteroid 2014 QO441., 
08:45:12.5 (330103279)|HEAP_ALLOCATE|[EXTERNAL]|Bytes:8
08:45:12.5 (330160298)|HEAP_ALLOCATE|[13]|Bytes:8
08:45:12.5 (330195964)|VARIABLE_SCOPE_BEGIN|[13]|results|List<Messaging.SendEmailResult>|true|false
08:45:12.5 (330333942)|VARIABLE_ASSIGNMENT|[13]|results|"common.apex.runtime.impl.ScalarList@130d0365"|0x75925743
08:45:12.5 (330342769)|STATEMENT_EXECUTE|[17]
08:45:12.5 (330385689)|METHOD_ENTRY|[17]|01p3600000Im11I|EmailMissionSpecialist.inspectResults(List<Messaging.SendEmailResult>)
08:45:12.5 (330430096)|VARIABLE_SCOPE_BEGIN|[21]|results|List<Messaging.SendEmailResult>|true|false
08:45:12.5 (330499757)|VARIABLE_ASSIGNMENT|[21]|results|"common.apex.runtime.impl.ScalarList@130d0365"|0x75925743
08:45:12.5 (330508293)|STATEMENT_EXECUTE|[21]
08:45:12.5 (330509972)|STATEMENT_EXECUTE|[22]
08:45:12.5 (330518981)|VARIABLE_SCOPE_BEGIN|[22]|sendResult|Boolean|false|false
08:45:12.5 (330531456)|HEAP_ALLOCATE|[22]|Bytes:5
08:45:12.5 (330540943)|VARIABLE_ASSIGNMENT|[22]|sendResult|true
08:45:12.5 (330793372)|HEAP_ALLOCATE|[27]|Bytes:5
08:45:12.5 (330948223)|HEAP_ALLOCATE|[27]|Bytes:4
08:45:12.5 (330985737)|VARIABLE_SCOPE_BEGIN|[27]|res|Messaging.SendEmailResult|true|false
08:45:12.5 (331054070)|VARIABLE_ASSIGNMENT|[27]|res|"common.api.soap.wsdl.SendEmailResult@130d0346"|0x2d2e1355
08:45:12.5 (331060150)|STATEMENT_EXECUTE|[27]
08:45:12.5 (331098983)|STATEMENT_EXECUTE|[28]
08:45:12.5 (331100869)|STATEMENT_EXECUTE|[29]
08:45:12.5 (331108391)|HEAP_ALLOCATE|[29]|Bytes:23
08:45:12.5 (331157818)|USER_DEBUG|[29]|DEBUG|Email sent successfully
08:45:12.5 (331175847)|HEAP_ALLOCATE|[27]|Bytes:5
08:45:12.5 (331189965)|VARIABLE_ASSIGNMENT|[27]|res|null|
08:45:12.5 (331193983)|STATEMENT_EXECUTE|[36]
08:45:12.5 (331200461)|METHOD_EXIT|[17]|01p3600000Im11I|EmailMissionSpecialist.inspectResults(List<Messaging.SendEmailResult>)
08:45:12.5 (331208092)|METHOD_EXIT|[2]|01p3600000Im11I|EmailMissionSpecialist.sendMail(String, String, String)
08:45:12.5 (331218969)|SYSTEM_MODE_EXIT|false
08:45:12.365 (365600877)|CUMULATIVE_LIMIT_USAGE
08:45:12.365 (365600877)|LIMIT_USAGE_FOR_NS|(default)|
  Number of SOQL queries: 0 out of 100
  Number of query rows: 0 out of 50000
  Number of SOSL queries: 0 out of 20
  Number of DML statements: 0 out of 150
  Number of DML rows: 0 out of 10000
  Maximum CPU time: 0 out of 10000
  Maximum heap size: 0 out of 6000000
  Number of callouts: 0 out of 100
  Number of Email Invocations: 1 out of 10
  Number of future calls: 0 out of 50
  Number of queueable jobs added to the queue: 0 out of 50
  Number of Mobile Apex push calls: 0 out of 10

08:45:12.365 (365600877)|CUMULATIVE_LIMIT_USAGE_END

08:45:12.5 (365682525)|CODE_UNIT_FINISHED|execute_anonymous_apex
08:45:12.5 (367342612)|EXECUTION_FINISHED
