39.0 APEX_CODE,FINEST;APEX_PROFILING,INFO;CALLOUT,INFO;DB,INFO;SYSTEM,DEBUG;VALIDATION,INFO;VISUALFORCE,INFO;WAVE,INFO;WORKFLOW,INFO
Execute Anonymous: Contact[] theseContacts = [SELECT Name, Phone, Email, Description FROM Contact
Execute Anonymous:                            WHERE (Department='Specialty Crisis Management')
Execute Anonymous:                            ORDER BY Name];
Execute Anonymous: 
Execute Anonymous: // Log a count of how many contacts were found
Execute Anonymous: System.debug(theseContacts.size() + ' contact(s) returned.');
Execute Anonymous: 
Execute Anonymous: // Log all values in the array of contacts
Execute Anonymous: System.debug(theseContacts);
14:07:37.1 (1692531)|USER_INFO|[EXTERNAL]|00536000002KqDD|pjuneau@trailhead.com|Pacific Standard Time|GMT-07:00
14:07:37.1 (1706766)|EXECUTION_STARTED
14:07:37.1 (1710213)|CODE_UNIT_STARTED|[EXTERNAL]|execute_anonymous_apex
14:07:37.1 (1903378)|VARIABLE_SCOPE_BEGIN|[1]|theseContacts|List<Contact>|true|false
14:07:37.1 (2030961)|HEAP_ALLOCATE|[72]|Bytes:3
14:07:37.1 (2064800)|HEAP_ALLOCATE|[77]|Bytes:152
14:07:37.1 (2080977)|HEAP_ALLOCATE|[342]|Bytes:408
14:07:37.1 (2101450)|HEAP_ALLOCATE|[355]|Bytes:408
14:07:37.1 (2119756)|HEAP_ALLOCATE|[467]|Bytes:48
14:07:37.1 (2150382)|HEAP_ALLOCATE|[139]|Bytes:6
14:07:37.1 (2174960)|HEAP_ALLOCATE|[EXTERNAL]|Bytes:5
14:07:37.1 (2336114)|STATEMENT_EXECUTE|[1]
14:07:37.1 (2340461)|STATEMENT_EXECUTE|[1]
14:07:37.1 (2345163)|HEAP_ALLOCATE|[1]|Bytes:130
14:07:37.1 (2355187)|HEAP_ALLOCATE|[1]|Bytes:4
14:07:37.1 (2395873)|HEAP_ALLOCATE|[50]|Bytes:5
14:07:37.1 (2416369)|HEAP_ALLOCATE|[56]|Bytes:5
14:07:37.1 (2425036)|HEAP_ALLOCATE|[64]|Bytes:7
14:07:37.1 (2701406)|SOQL_EXECUTE_BEGIN|[1]|Aggregations:0|SELECT Name, Phone, Email, Description FROM Contact WHERE Department = 'Specialty Crisis Management' ORDER BY Name ASC NULLS FIRST
14:07:37.1 (16184700)|SOQL_EXECUTE_END|[1]|Rows:3
14:07:37.1 (16224305)|HEAP_ALLOCATE|[1]|Bytes:16
14:07:37.1 (16244137)|HEAP_ALLOCATE|[1]|Bytes:300
14:07:37.1 (16288656)|HEAP_ALLOCATE|[1]|Bytes:16
14:07:37.1 (16379637)|VARIABLE_ASSIGNMENT|[1]|theseContacts|[{"Name":"Palma Sunrise","Phone":"(554)623-1212","Email":"psunrise@trailhead.c (2 more) ...","Id":"0033600000zO7o5AAC"},{"Name":"Quentin Foam","Phone":"(415)555-1212","Email":"qfoam@trailhead.com","Id":"0033600000zO7o3AAC"},{"Name":"Vega North","Phone":"(416)556-1312","Email":"vnorth@trailhead.com","Id":"0033600000zO7o4AAC"}]|0x7becd2b4
14:07:37.1 (16391340)|STATEMENT_EXECUTE|[6]
14:07:37.1 (16525141)|HEAP_ALLOCATE|[6]|Bytes:1
14:07:37.1 (16542290)|HEAP_ALLOCATE|[6]|Bytes:21
14:07:37.1 (16552231)|HEAP_ALLOCATE|[6]|Bytes:22
14:07:37.1 (16583331)|USER_DEBUG|[6]|DEBUG|3 contact(s) returned.
14:07:37.1 (16601207)|STATEMENT_EXECUTE|[9]
14:07:37.1 (16745360)|USER_DEBUG|[9]|DEBUG|(Contact:{Name=Palma Sunrise, Phone=(554)623-1212, Email=psunrise@trailhead.com, Id=0033600000zO7o5AAC}, Contact:{Name=Quentin Foam, Phone=(415)555-1212, Email=qfoam@trailhead.com, Id=0033600000zO7o3AAC}, Contact:{Name=Vega North, Phone=(416)556-1312, Email=vnorth@trailhead.com, Id=0033600000zO7o4AAC})
14:07:37.16 (16797978)|CUMULATIVE_LIMIT_USAGE
14:07:37.16 (16797978)|LIMIT_USAGE_FOR_NS|(default)|
  Number of SOQL queries: 1 out of 100
  Number of query rows: 3 out of 50000
  Number of SOSL queries: 0 out of 20
  Number of DML statements: 0 out of 150
  Number of DML rows: 0 out of 10000
  Maximum CPU time: 0 out of 10000
  Maximum heap size: 0 out of 6000000
  Number of callouts: 0 out of 100
  Number of Email Invocations: 0 out of 10
  Number of future calls: 0 out of 50
  Number of queueable jobs added to the queue: 0 out of 50
  Number of Mobile Apex push calls: 0 out of 10

14:07:37.16 (16797978)|CUMULATIVE_LIMIT_USAGE_END

14:07:37.1 (16839530)|CODE_UNIT_FINISHED|execute_anonymous_apex
14:07:37.1 (18346634)|EXECUTION_FINISHED
