39.0 APEX_CODE,FINEST;APEX_PROFILING,INFO;CALLOUT,INFO;DB,INFO;SYSTEM,DEBUG;VALIDATION,INFO;VISUALFORCE,INFO;WAVE,INFO;WORKFLOW,INFO
12:43:18.0 (572699)|USER_INFO|[EXTERNAL]|00536000002KqDD|pjuneau@trailhead.com|Pacific Standard Time|GMT-07:00
12:43:18.0 (604399)|EXECUTION_STARTED
12:43:18.0 (609613)|CODE_UNIT_STARTED|[EXTERNAL]|06636000006SQzq|VF: /apex/ContactList
12:43:18.0 (1315036)|VF_DESERIALIZE_VIEWSTATE_BEGIN|06636000006SQzq
12:43:18.0 (8983099)|VF_DESERIALIZE_VIEWSTATE_END
12:43:18.0 (194809519)|VF_SERIALIZE_VIEWSTATE_BEGIN|06636000006SQzq
12:43:18.0 (206854622)|VF_SERIALIZE_VIEWSTATE_END
12:43:18.0 (207913305)|CODE_UNIT_STARTED|[EXTERNAL]|Generate Metadata
12:43:18.0 (208457161)|CODE_UNIT_FINISHED|Generate Metadata
12:43:18.212 (212904621)|CUMULATIVE_LIMIT_USAGE
12:43:18.212 (212904621)|LIMIT_USAGE_FOR_NS|(default)|
  Number of SOQL queries: 0 out of 100
  Number of query rows: 20 out of 50000
  Number of SOSL queries: 0 out of 20
  Number of DML statements: 0 out of 150
  Number of DML rows: 0 out of 10000
  Maximum CPU time: 0 out of 10000
  Maximum heap size: 0 out of 6000000
  Number of callouts: 0 out of 100
  Number of Email Invocations: 0 out of 10
  Number of future calls: 0 out of 50
  Number of queueable jobs added to the queue: 0 out of 50
  Number of Mobile Apex push calls: 0 out of 10

12:43:18.212 (212904621)|CUMULATIVE_LIMIT_USAGE_END

12:43:18.0 (212965164)|CODE_UNIT_FINISHED|VF: /apex/ContactList
12:43:18.0 (214621821)|EXECUTION_FINISHED
