39.0 APEX_CODE,FINEST;APEX_PROFILING,INFO;CALLOUT,INFO;DB,INFO;SYSTEM,DEBUG;VALIDATION,INFO;VISUALFORCE,INFO;WAVE,INFO;WORKFLOW,INFO
Execute Anonymous: EmailMissionSpecialist em = new EmailMissionSpecialist();
Execute Anonymous: em.sendMail('testingemail', 'Flight Path Change', 
Execute Anonymous:    'Mission Control 123: Your flight path has been changed to avoid collision '
Execute Anonymous:    + 'with asteroid 2014 QO441.');
13:55:09.2 (2256103)|USER_INFO|[EXTERNAL]|00536000002KqDD|pjuneau@trailhead.com|Pacific Standard Time|GMT-07:00
13:55:09.2 (2279025)|EXECUTION_STARTED
13:55:09.2 (2284196)|CODE_UNIT_STARTED|[EXTERNAL]|execute_anonymous_apex
13:55:09.2 (4030380)|VARIABLE_SCOPE_BEGIN|[1]|em|EmailMissionSpecialist|true|false
13:55:09.2 (4208721)|HEAP_ALLOCATE|[72]|Bytes:3
13:55:09.2 (4286290)|HEAP_ALLOCATE|[77]|Bytes:152
13:55:09.2 (4303967)|HEAP_ALLOCATE|[342]|Bytes:408
13:55:09.2 (4324009)|HEAP_ALLOCATE|[355]|Bytes:408
13:55:09.2 (4343068)|HEAP_ALLOCATE|[467]|Bytes:48
13:55:09.2 (4376667)|HEAP_ALLOCATE|[139]|Bytes:6
13:55:09.2 (4405451)|HEAP_ALLOCATE|[EXTERNAL]|Bytes:5
13:55:09.2 (4501479)|STATEMENT_EXECUTE|[1]
13:55:09.2 (4509116)|STATEMENT_EXECUTE|[1]
13:55:09.2 (4517955)|HEAP_ALLOCATE|[1]|Bytes:4
13:55:09.2 (4525084)|HEAP_ALLOCATE|[1]|Bytes:5
13:55:09.2 (4562722)|METHOD_ENTRY|[1]|01p3600000Im11I|EmailMissionSpecialist.EmailMissionSpecialist()
13:55:09.2 (5131394)|STATEMENT_EXECUTE|[1]
13:55:09.2 (5163756)|STATEMENT_EXECUTE|[1]
13:55:09.2 (5178876)|METHOD_EXIT|[1]|EmailMissionSpecialist
13:55:09.2 (5201526)|HEAP_ALLOCATE|[1]|Bytes:4
13:55:09.2 (5257068)|HEAP_ALLOCATE|[50]|Bytes:5
13:55:09.2 (5292000)|HEAP_ALLOCATE|[56]|Bytes:5
13:55:09.2 (5310673)|HEAP_ALLOCATE|[64]|Bytes:7
13:55:09.2 (5343258)|SYSTEM_MODE_ENTER|false
13:55:09.2 (5372032)|HEAP_ALLOCATE|[1]|Bytes:5
13:55:09.2 (5392709)|CONSTRUCTOR_ENTRY|[1]|01p3600000Im11I|<init>()
13:55:09.2 (5434041)|VARIABLE_SCOPE_BEGIN|[1]|this|EmailMissionSpecialist|true|false
13:55:09.2 (5493180)|VARIABLE_ASSIGNMENT|[1]|this|{}|0x32ec5856
13:55:09.2 (5507391)|HEAP_ALLOCATE|[EXTERNAL]|Bytes:6
13:55:09.2 (5548728)|STATEMENT_EXECUTE|[1]
13:55:09.2 (5558778)|CONSTRUCTOR_EXIT|[1]|01p3600000Im11I|<init>()
13:55:09.2 (5571154)|SYSTEM_MODE_EXIT|false
13:55:09.2 (5603024)|VARIABLE_ASSIGNMENT|[1]|em|{}|0x32ec5856
13:55:09.2 (5609664)|STATEMENT_EXECUTE|[2]
13:55:09.2 (5619688)|HEAP_ALLOCATE|[2]|Bytes:12
13:55:09.2 (5626006)|HEAP_ALLOCATE|[2]|Bytes:18
13:55:09.2 (5631026)|HEAP_ALLOCATE|[3]|Bytes:99
13:55:09.2 (5667273)|SYSTEM_MODE_ENTER|false
13:55:09.2 (5680968)|HEAP_ALLOCATE|[2]|Bytes:5
13:55:09.2 (5732827)|METHOD_ENTRY|[2]|01p3600000Im11I|EmailMissionSpecialist.sendMail(String, String, String)
13:55:09.2 (5770341)|VARIABLE_SCOPE_BEGIN|[4]|this|EmailMissionSpecialist|true|false
13:55:09.2 (5790557)|VARIABLE_ASSIGNMENT|[4]|this|{}|0x32ec5856
13:55:09.2 (5798536)|VARIABLE_SCOPE_BEGIN|[4]|address|String|false|false
13:55:09.2 (5808834)|VARIABLE_ASSIGNMENT|[4]|address|"testingemail"
13:55:09.2 (5813006)|VARIABLE_SCOPE_BEGIN|[4]|subject|String|false|false
13:55:09.2 (5818426)|VARIABLE_ASSIGNMENT|[4]|subject|"Flight Path Change"
13:55:09.2 (5822232)|VARIABLE_SCOPE_BEGIN|[4]|body|String|false|false
13:55:09.2 (5830004)|VARIABLE_ASSIGNMENT|[4]|body|"Mission Control 123: (79 more) ..."
13:55:09.2 (5840954)|STATEMENT_EXECUTE|[4]
13:55:09.2 (5844730)|STATEMENT_EXECUTE|[6]
13:55:09.2 (5936205)|VARIABLE_SCOPE_BEGIN|[6]|mail|Messaging.SingleEmailMessage|true|false
13:55:09.2 (6124999)|VARIABLE_ASSIGNMENT|[6]|mail|"common.api.soap.wsdl.SingleEmailMessage@1cfa3c94"|0xe2f442c
13:55:09.2 (6495832)|HEAP_ALLOCATE|[6]|Bytes:5
13:55:09.2 (111004775)|HEAP_DUMP|[7]|07n360000008Ufe|EmailMissionSpecialist|none|7
13:55:09.2 (111021081)|STATEMENT_EXECUTE|[7]
13:55:09.2 (111079630)|HEAP_ALLOCATE|[7]|Bytes:4
13:55:09.2 (111201366)|VARIABLE_SCOPE_BEGIN|[7]|toAddresses|List<String>|true|false
13:55:09.2 (111248031)|HEAP_ALLOCATE|[EXTERNAL]|Bytes:8
13:55:09.2 (111274139)|VARIABLE_ASSIGNMENT|[7]|toAddresses|["testingemail"]|0x2ab45b19
13:55:09.2 (111284908)|STATEMENT_EXECUTE|[8]
13:55:09.2 (111335905)|STATEMENT_EXECUTE|[9]
13:55:09.2 (111424135)|STATEMENT_EXECUTE|[10]
13:55:09.2 (111457883)|STATEMENT_EXECUTE|[13]
13:55:09.2 (111490713)|HEAP_ALLOCATE|[14]|Bytes:4
13:55:09.2 (111625587)|HEAP_ALLOCATE|[EXTERNAL]|Bytes:8
13:55:09.2 (111980511)|HEAP_ALLOCATE|[EXTERNAL]|Bytes:8
13:55:09.2 (115301022)|EXCEPTION_THROWN|[13]|System.EmailException: SendEmail failed. First exception on row 0; first error: INVALID_EMAIL_ADDRESS, Email address is invalid: testingemail: [toAddresses, testingemail]
13:55:09.2 (115926832)|HEAP_ALLOCATE|[13]|Bytes:151
13:55:09.2 (115955687)|METHOD_EXIT|[2]|01p3600000Im11I|EmailMissionSpecialist.sendMail(String, String, String)
13:55:09.2 (115967612)|SYSTEM_MODE_EXIT|false
13:55:09.2 (116097634)|FATAL_ERROR|System.EmailException: SendEmail failed. First exception on row 0; first error: INVALID_EMAIL_ADDRESS, Email address is invalid: testingemail: [toAddresses, testingemail]

Class.EmailMissionSpecialist.sendMail: line 13, column 1
AnonymousBlock: line 2, column 1
AnonymousBlock: line 2, column 1
13:55:09.116 (116112431)|CUMULATIVE_LIMIT_USAGE
13:55:09.116 (116112431)|LIMIT_USAGE_FOR_NS|(default)|
  Number of SOQL queries: 0 out of 100
  Number of query rows: 0 out of 50000
  Number of SOSL queries: 0 out of 20
  Number of DML statements: 0 out of 150
  Number of DML rows: 0 out of 10000
  Maximum CPU time: 0 out of 10000
  Maximum heap size: 0 out of 6000000
  Number of callouts: 0 out of 100
  Number of Email Invocations: 0 out of 10
  Number of future calls: 0 out of 50
  Number of queueable jobs added to the queue: 0 out of 50
  Number of Mobile Apex push calls: 0 out of 10

13:55:09.116 (116112431)|CUMULATIVE_LIMIT_USAGE_END

13:55:09.2 (116159049)|CODE_UNIT_FINISHED|execute_anonymous_apex
13:55:09.2 (118510553)|EXECUTION_FINISHED
