39.0 APEX_CODE,FINEST;APEX_PROFILING,INFO;CALLOUT,INFO;DB,INFO;SYSTEM,DEBUG;VALIDATION,INFO;VISUALFORCE,INFO;WAVE,INFO;WORKFLOW,INFO
Execute Anonymous: List<List<sObject>> searchList = [FIND 'Crisis' IN ALL FIELDS 
Execute Anonymous:                                   RETURNING Contact(FirstName, LastName,
Execute Anonymous:                                   Phone, Email, Description)];
Execute Anonymous: Contact[] searchContacts = (Contact[])searchList[0];
Execute Anonymous: System.debug('Found the following contacts:');
Execute Anonymous: for (Contact c : searchContacts) {
Execute Anonymous:    System.debug(c.LastName + ', ' + c.FirstName);
Execute Anonymous: }
14:12:21.2 (2233944)|USER_INFO|[EXTERNAL]|00536000002KqDD|pjuneau@trailhead.com|Pacific Standard Time|GMT-07:00
14:12:21.2 (2254384)|EXECUTION_STARTED
14:12:21.2 (2259417)|CODE_UNIT_STARTED|[EXTERNAL]|execute_anonymous_apex
14:12:21.2 (2606913)|VARIABLE_SCOPE_BEGIN|[4]|searchContacts|List<Contact>|true|false
14:12:21.2 (2624376)|VARIABLE_SCOPE_BEGIN|[1]|searchList|List<List<SObject>>|true|false
14:12:21.2 (2823574)|HEAP_ALLOCATE|[72]|Bytes:3
14:12:21.2 (2928146)|HEAP_ALLOCATE|[77]|Bytes:152
14:12:21.2 (2957934)|HEAP_ALLOCATE|[342]|Bytes:408
14:12:21.2 (2991915)|HEAP_ALLOCATE|[355]|Bytes:408
14:12:21.2 (3023566)|HEAP_ALLOCATE|[467]|Bytes:48
14:12:21.2 (3073766)|HEAP_ALLOCATE|[139]|Bytes:6
14:12:21.2 (3116555)|HEAP_ALLOCATE|[EXTERNAL]|Bytes:9
14:12:21.2 (3374161)|STATEMENT_EXECUTE|[1]
14:12:21.2 (3379468)|STATEMENT_EXECUTE|[1]
14:12:21.2 (3385923)|HEAP_ALLOCATE|[1]|Bytes:93
14:12:21.2 (3418217)|HEAP_ALLOCATE|[1]|Bytes:4
14:12:21.2 (3475082)|HEAP_ALLOCATE|[50]|Bytes:5
14:12:21.2 (3511444)|HEAP_ALLOCATE|[56]|Bytes:5
14:12:21.2 (3531724)|HEAP_ALLOCATE|[64]|Bytes:7
14:12:21.2 (3891502)|SOSL_EXECUTE_BEGIN|[1]|FIND 'Crisis' IN ALL FIELDS RETURNING contact(FirstName, LastName, Phone, Email, Description)
14:12:21.2 (31247519)|HEAP_ALLOCATE|[1]|Bytes:4
14:12:21.2 (31259164)|HEAP_ALLOCATE|[1]|Bytes:4
14:12:21.2 (31262522)|HEAP_ALLOCATE|[1]|Bytes:4
14:12:21.2 (31264219)|HEAP_ALLOCATE|[1]|Bytes:4
14:12:21.2 (31271906)|HEAP_ALLOCATE|[1]|Bytes:8
14:12:21.2 (31333282)|SOSL_EXECUTE_END|[1]|Rows:3
14:12:21.2 (31386245)|HEAP_ALLOCATE|[1]|Bytes:8
14:12:21.2 (31472784)|VARIABLE_ASSIGNMENT|[1]|searchList|[[{"FirstName":"Palma","LastName":"Sunrise","Phone":"(554)623-1212","Email":"psunrise@trailhead.c (2 more) ...","Id":"0033600000zO7o5AAC"},{"FirstName":"Vega","LastName":"North","Phone":"(416)556-1312","Email":"vnorth@trailhead.com","Id":"0033600000zO7o4AAC"},{"FirstName":"Quentin","LastName":"Foam","Phone":"(415)555-1212","Email":"qfoam@trailhead.com","Id":"0033600000zO7o3AAC"}]]|0x57de7620
14:12:21.2 (31483346)|STATEMENT_EXECUTE|[4]
14:12:21.2 (31520140)|HEAP_ALLOCATE|[4]|Bytes:16
14:12:21.2 (31583697)|VARIABLE_ASSIGNMENT|[4]|searchContacts|[{"FirstName":"Palma","LastName":"Sunrise","Phone":"(554)623-1212","Email":"psunrise@trailhead.c (2 more) ...","Id":"0033600000zO7o5AAC"},{"FirstName":"Vega","LastName":"North","Phone":"(416)556-1312","Email":"vnorth@trailhead.com","Id":"0033600000zO7o4AAC"},{"FirstName":"Quentin","LastName":"Foam","Phone":"(415)555-1212","Email":"qfoam@trailhead.com","Id":"0033600000zO7o3AAC"}]|0x5e21b571
14:12:21.2 (31589960)|STATEMENT_EXECUTE|[5]
14:12:21.2 (31594480)|HEAP_ALLOCATE|[5]|Bytes:29
14:12:21.2 (31660454)|USER_DEBUG|[5]|DEBUG|Found the following contacts:
14:12:21.2 (31922300)|HEAP_ALLOCATE|[6]|Bytes:5
14:12:21.2 (31992519)|HEAP_ALLOCATE|[6]|Bytes:24
14:12:21.2 (32006013)|VARIABLE_SCOPE_BEGIN|[6]|c|Contact|true|false
14:12:21.2 (32025585)|VARIABLE_ASSIGNMENT|[6]|c|{"FirstName":"Palma","LastName":"Sunrise","Phone":"(554)623-1212","Email":"psunrise@trailhead.c (2 more) ...","Id":"0033600000zO7o5AAC"}|0x6547f7d0
14:12:21.2 (32032707)|STATEMENT_EXECUTE|[6]
14:12:21.2 (32034564)|STATEMENT_EXECUTE|[7]
14:12:21.2 (32063776)|HEAP_ALLOCATE|[7]|Bytes:2
14:12:21.2 (32099106)|HEAP_ALLOCATE|[7]|Bytes:14
14:12:21.2 (32120692)|USER_DEBUG|[7]|DEBUG|Sunrise, Palma
14:12:21.2 (32136506)|HEAP_ALLOCATE|[6]|Bytes:5
14:12:21.2 (32159810)|HEAP_ALLOCATE|[6]|Bytes:24
14:12:21.2 (32168020)|VARIABLE_SCOPE_BEGIN|[6]|c|Contact|true|false
14:12:21.2 (32181606)|VARIABLE_ASSIGNMENT|[6]|c|{"FirstName":"Vega","LastName":"North","Phone":"(416)556-1312","Email":"vnorth@trailhead.com","Id":"0033600000zO7o4AAC"}|0x2122bdca
14:12:21.2 (32186070)|STATEMENT_EXECUTE|[6]
14:12:21.2 (32187511)|STATEMENT_EXECUTE|[7]
14:12:21.2 (32200568)|HEAP_ALLOCATE|[7]|Bytes:11
14:12:21.2 (32211362)|USER_DEBUG|[7]|DEBUG|North, Vega
14:12:21.2 (32223968)|HEAP_ALLOCATE|[6]|Bytes:5
14:12:21.2 (32245576)|HEAP_ALLOCATE|[6]|Bytes:24
14:12:21.2 (32253199)|VARIABLE_SCOPE_BEGIN|[6]|c|Contact|true|false
14:12:21.2 (32265923)|VARIABLE_ASSIGNMENT|[6]|c|{"FirstName":"Quentin","LastName":"Foam","Phone":"(415)555-1212","Email":"qfoam@trailhead.com","Id":"0033600000zO7o3AAC"}|0x19a5d368
14:12:21.2 (32270648)|STATEMENT_EXECUTE|[6]
14:12:21.2 (32272024)|STATEMENT_EXECUTE|[7]
14:12:21.2 (32283999)|HEAP_ALLOCATE|[7]|Bytes:13
14:12:21.2 (32294071)|USER_DEBUG|[7]|DEBUG|Foam, Quentin
14:12:21.2 (32311412)|HEAP_ALLOCATE|[6]|Bytes:5
14:12:21.2 (32324824)|VARIABLE_ASSIGNMENT|[6]|c|null|
14:12:21.32 (32369993)|CUMULATIVE_LIMIT_USAGE
14:12:21.32 (32369993)|LIMIT_USAGE_FOR_NS|(default)|
  Number of SOQL queries: 0 out of 100
  Number of query rows: 0 out of 50000
  Number of SOSL queries: 1 out of 20
  Number of DML statements: 0 out of 150
  Number of DML rows: 0 out of 10000
  Maximum CPU time: 0 out of 10000
  Maximum heap size: 0 out of 6000000
  Number of callouts: 0 out of 100
  Number of Email Invocations: 0 out of 10
  Number of future calls: 0 out of 50
  Number of queueable jobs added to the queue: 0 out of 50
  Number of Mobile Apex push calls: 0 out of 10

14:12:21.32 (32369993)|CUMULATIVE_LIMIT_USAGE_END

14:12:21.2 (32411936)|CODE_UNIT_FINISHED|execute_anonymous_apex
14:12:21.2 (34202387)|EXECUTION_FINISHED
