39.0 APEX_CODE,FINEST;APEX_PROFILING,INFO;CALLOUT,INFO;DB,INFO;SYSTEM,DEBUG;VALIDATION,INFO;VISUALFORCE,INFO;WAVE,INFO;WORKFLOW,INFO
12:33:08.0 (628554)|USER_INFO|[EXTERNAL]|00536000002KqDD|pjuneau@trailhead.com|Pacific Standard Time|GMT-07:00
12:33:08.0 (665462)|EXECUTION_STARTED
12:33:08.0 (670976)|CODE_UNIT_STARTED|[EXTERNAL]|06636000006SQzq|VF: /apex/ContactList
12:33:08.0 (192591156)|VF_SERIALIZE_VIEWSTATE_BEGIN|06636000006SQzq
12:33:08.0 (201398905)|VF_SERIALIZE_VIEWSTATE_END
12:33:08.0 (202571340)|CODE_UNIT_STARTED|[EXTERNAL]|Generate Metadata
12:33:08.0 (203157005)|CODE_UNIT_FINISHED|Generate Metadata
12:33:08.207 (207198376)|CUMULATIVE_LIMIT_USAGE
12:33:08.207 (207198376)|LIMIT_USAGE_FOR_NS|(default)|
  Number of SOQL queries: 0 out of 100
  Number of query rows: 20 out of 50000
  Number of SOSL queries: 0 out of 20
  Number of DML statements: 0 out of 150
  Number of DML rows: 0 out of 10000
  Maximum CPU time: 0 out of 10000
  Maximum heap size: 0 out of 6000000
  Number of callouts: 0 out of 100
  Number of Email Invocations: 0 out of 10
  Number of future calls: 0 out of 50
  Number of queueable jobs added to the queue: 0 out of 50
  Number of Mobile Apex push calls: 0 out of 10

12:33:08.207 (207198376)|CUMULATIVE_LIMIT_USAGE_END

12:33:08.0 (207249601)|CODE_UNIT_FINISHED|VF: /apex/ContactList
12:33:08.0 (208501718)|EXECUTION_FINISHED
