39.0 APEX_CODE,FINEST;APEX_PROFILING,INFO;CALLOUT,INFO;DB,INFO;SYSTEM,DEBUG;VALIDATION,INFO;VISUALFORCE,INFO;WAVE,INFO;WORKFLOW,INFO
12:31:15.0 (63805)|USER_INFO|[EXTERNAL]|00536000002KqDD|pjuneau@trailhead.com|Pacific Standard Time|GMT-07:00
12:31:15.0 (103976)|EXECUTION_STARTED
12:31:15.0 (109378)|CODE_UNIT_STARTED|[EXTERNAL]|06636000006SQzq|VF: /apex/ContactList
12:31:15.0 (783525)|VF_DESERIALIZE_VIEWSTATE_BEGIN|06636000006SQzq
12:31:15.0 (7415544)|VF_DESERIALIZE_VIEWSTATE_END
12:31:15.0 (72202285)|VF_SERIALIZE_VIEWSTATE_BEGIN|06636000006SQzq
12:31:15.0 (83196554)|VF_SERIALIZE_VIEWSTATE_END
12:31:15.0 (84472364)|CODE_UNIT_STARTED|[EXTERNAL]|Generate Metadata
12:31:15.0 (85236502)|CODE_UNIT_FINISHED|Generate Metadata
12:31:15.88 (88338980)|CUMULATIVE_LIMIT_USAGE
12:31:15.88 (88338980)|LIMIT_USAGE_FOR_NS|(default)|
  Number of SOQL queries: 0 out of 100
  Number of query rows: 0 out of 50000
  Number of SOSL queries: 0 out of 20
  Number of DML statements: 0 out of 150
  Number of DML rows: 0 out of 10000
  Maximum CPU time: 0 out of 10000
  Maximum heap size: 0 out of 6000000
  Number of callouts: 0 out of 100
  Number of Email Invocations: 0 out of 10
  Number of future calls: 0 out of 50
  Number of queueable jobs added to the queue: 0 out of 50
  Number of Mobile Apex push calls: 0 out of 10

12:31:15.88 (88338980)|CUMULATIVE_LIMIT_USAGE_END

12:31:15.0 (88384744)|CODE_UNIT_FINISHED|VF: /apex/ContactList
12:31:15.0 (89705523)|EXECUTION_FINISHED
