39.0 APEX_CODE,FINEST;APEX_PROFILING,INFO;CALLOUT,INFO;DB,INFO;SYSTEM,DEBUG;VALIDATION,INFO;VISUALFORCE,INFO;WAVE,INFO;WORKFLOW,INFO
12:40:02.0 (534913)|USER_INFO|[EXTERNAL]|00536000002KqDD|pjuneau@trailhead.com|Pacific Standard Time|GMT-07:00
12:40:02.0 (572869)|EXECUTION_STARTED
12:40:02.0 (577833)|CODE_UNIT_STARTED|[EXTERNAL]|06636000006SQzq|VF: /apex/ContactList
12:40:02.0 (1338081)|VF_DESERIALIZE_VIEWSTATE_BEGIN|06636000006SQzq
12:40:02.0 (19959944)|VF_DESERIALIZE_VIEWSTATE_END
12:40:02.0 (290024838)|VF_SERIALIZE_VIEWSTATE_BEGIN|06636000006SQzq
12:40:02.0 (301816570)|VF_SERIALIZE_VIEWSTATE_END
12:40:02.0 (303127199)|CODE_UNIT_STARTED|[EXTERNAL]|Generate Metadata
12:40:02.0 (303994348)|CODE_UNIT_FINISHED|Generate Metadata
12:40:02.307 (307407579)|CUMULATIVE_LIMIT_USAGE
12:40:02.307 (307407579)|LIMIT_USAGE_FOR_NS|(default)|
  Number of SOQL queries: 0 out of 100
  Number of query rows: 20 out of 50000
  Number of SOSL queries: 0 out of 20
  Number of DML statements: 0 out of 150
  Number of DML rows: 0 out of 10000
  Maximum CPU time: 0 out of 10000
  Maximum heap size: 0 out of 6000000
  Number of callouts: 0 out of 100
  Number of Email Invocations: 0 out of 10
  Number of future calls: 0 out of 50
  Number of queueable jobs added to the queue: 0 out of 50
  Number of Mobile Apex push calls: 0 out of 10

12:40:02.307 (307407579)|CUMULATIVE_LIMIT_USAGE_END

12:40:02.0 (307452928)|CODE_UNIT_FINISHED|VF: /apex/ContactList
12:40:02.0 (309351268)|EXECUTION_FINISHED
