39.0 APEX_CODE,FINEST;APEX_PROFILING,INFO;CALLOUT,INFO;DB,INFO;SYSTEM,DEBUG;VALIDATION,INFO;VISUALFORCE,INFO;WAVE,INFO;WORKFLOW,INFO
Execute Anonymous: EmailMissionSpecialist em = new EmailMissionSpecialist();
Execute Anonymous: em.sendMail('juneaupaul3@gmail.com', 'Flight Path Change', 
Execute Anonymous:    'Mission Control 123: Your flight path has been changed to avoid collision '
Execute Anonymous:    + 'with asteroid 2014 QO441.');
13:57:24.1 (1985156)|USER_INFO|[EXTERNAL]|00536000002KqDD|pjuneau@trailhead.com|Pacific Standard Time|GMT-07:00
13:57:24.1 (2016540)|EXECUTION_STARTED
13:57:24.1 (2024698)|CODE_UNIT_STARTED|[EXTERNAL]|execute_anonymous_apex
13:57:24.1 (24445278)|VARIABLE_SCOPE_BEGIN|[1]|em|EmailMissionSpecialist|true|false
13:57:24.1 (24659396)|HEAP_ALLOCATE|[72]|Bytes:3
13:57:24.1 (24734905)|HEAP_ALLOCATE|[77]|Bytes:152
13:57:24.1 (24763752)|HEAP_ALLOCATE|[342]|Bytes:408
13:57:24.1 (24801181)|HEAP_ALLOCATE|[355]|Bytes:408
13:57:24.1 (24836855)|HEAP_ALLOCATE|[467]|Bytes:48
13:57:24.1 (24882881)|HEAP_ALLOCATE|[139]|Bytes:6
13:57:24.1 (24925407)|HEAP_ALLOCATE|[EXTERNAL]|Bytes:5
13:57:24.1 (25015848)|STATEMENT_EXECUTE|[1]
13:57:24.1 (25022667)|STATEMENT_EXECUTE|[1]
13:57:24.1 (25031046)|HEAP_ALLOCATE|[1]|Bytes:4
13:57:24.1 (25039820)|HEAP_ALLOCATE|[1]|Bytes:5
13:57:24.1 (25108149)|METHOD_ENTRY|[1]|01p3600000Im11I|EmailMissionSpecialist.EmailMissionSpecialist()
13:57:24.1 (25133882)|STATEMENT_EXECUTE|[1]
13:57:24.1 (25145936)|STATEMENT_EXECUTE|[1]
13:57:24.1 (25175940)|METHOD_EXIT|[1]|EmailMissionSpecialist
13:57:24.1 (25200379)|HEAP_ALLOCATE|[1]|Bytes:4
13:57:24.1 (25254435)|HEAP_ALLOCATE|[50]|Bytes:5
13:57:24.1 (25287176)|HEAP_ALLOCATE|[56]|Bytes:5
13:57:24.1 (25306235)|HEAP_ALLOCATE|[64]|Bytes:7
13:57:24.1 (25337241)|SYSTEM_MODE_ENTER|false
13:57:24.1 (25364018)|HEAP_ALLOCATE|[1]|Bytes:5
13:57:24.1 (25386205)|CONSTRUCTOR_ENTRY|[1]|01p3600000Im11I|<init>()
13:57:24.1 (25424944)|VARIABLE_SCOPE_BEGIN|[1]|this|EmailMissionSpecialist|true|false
13:57:24.1 (25495611)|VARIABLE_ASSIGNMENT|[1]|this|{}|0x1a22e95f
13:57:24.1 (25511263)|HEAP_ALLOCATE|[EXTERNAL]|Bytes:6
13:57:24.1 (25551467)|STATEMENT_EXECUTE|[1]
13:57:24.1 (25561589)|CONSTRUCTOR_EXIT|[1]|01p3600000Im11I|<init>()
13:57:24.1 (25577461)|SYSTEM_MODE_EXIT|false
13:57:24.1 (25623479)|VARIABLE_ASSIGNMENT|[1]|em|{}|0x1a22e95f
13:57:24.1 (25630591)|STATEMENT_EXECUTE|[2]
13:57:24.1 (25639809)|HEAP_ALLOCATE|[2]|Bytes:21
13:57:24.1 (25646715)|HEAP_ALLOCATE|[2]|Bytes:18
13:57:24.1 (25651832)|HEAP_ALLOCATE|[3]|Bytes:99
13:57:24.1 (25688270)|SYSTEM_MODE_ENTER|false
13:57:24.1 (25701775)|HEAP_ALLOCATE|[2]|Bytes:5
13:57:24.1 (25748192)|METHOD_ENTRY|[2]|01p3600000Im11I|EmailMissionSpecialist.sendMail(String, String, String)
13:57:24.1 (25784457)|VARIABLE_SCOPE_BEGIN|[4]|this|EmailMissionSpecialist|true|false
13:57:24.1 (25804270)|VARIABLE_ASSIGNMENT|[4]|this|{}|0x1a22e95f
13:57:24.1 (25811742)|VARIABLE_SCOPE_BEGIN|[4]|address|String|false|false
13:57:24.1 (25825812)|VARIABLE_ASSIGNMENT|[4]|address|"juneaupaul3@gmail.co (1 more) ..."
13:57:24.1 (25830948)|VARIABLE_SCOPE_BEGIN|[4]|subject|String|false|false
13:57:24.1 (25836597)|VARIABLE_ASSIGNMENT|[4]|subject|"Flight Path Change"
13:57:24.1 (25841312)|VARIABLE_SCOPE_BEGIN|[4]|body|String|false|false
13:57:24.1 (25847772)|VARIABLE_ASSIGNMENT|[4]|body|"Mission Control 123: (79 more) ..."
13:57:24.1 (25858126)|STATEMENT_EXECUTE|[4]
13:57:24.1 (25862150)|STATEMENT_EXECUTE|[6]
13:57:24.1 (25937901)|VARIABLE_SCOPE_BEGIN|[6]|mail|Messaging.SingleEmailMessage|true|false
13:57:24.1 (26114009)|VARIABLE_ASSIGNMENT|[6]|mail|"common.api.soap.wsdl.SingleEmailMessage@2528384c"|0x2bc95226
13:57:24.1 (26124685)|STATEMENT_EXECUTE|[7]
13:57:24.1 (26170943)|HEAP_ALLOCATE|[7]|Bytes:4
13:57:24.1 (26255488)|VARIABLE_SCOPE_BEGIN|[7]|toAddresses|List<String>|true|false
13:57:24.1 (26295082)|HEAP_ALLOCATE|[EXTERNAL]|Bytes:8
13:57:24.1 (26314695)|VARIABLE_ASSIGNMENT|[7]|toAddresses|["juneaupaul3@gmail.co (1 more) ..."]|0x6f19fd03
13:57:24.1 (26323140)|STATEMENT_EXECUTE|[8]
13:57:24.1 (26372029)|STATEMENT_EXECUTE|[9]
13:57:24.1 (26432171)|STATEMENT_EXECUTE|[10]
13:57:24.1 (121289846)|HEAP_ALLOCATE|[10]|Bytes:5
13:57:24.1 (143895609)|HEAP_ALLOCATE|[EXTERNAL]|Bytes:8
13:57:24.1 (237463092)|HEAP_DUMP|[13]|07n360000008Ufj|EmailMissionSpecialist|none|13
13:57:24.1 (237480384)|STATEMENT_EXECUTE|[13]
13:57:24.1 (237560430)|HEAP_ALLOCATE|[14]|Bytes:4
13:57:24.1 (237735816)|HEAP_ALLOCATE|[EXTERNAL]|Bytes:8
13:57:24.1 (237810765)|HEAP_ALLOCATE|[EXTERNAL]|Bytes:8
13:57:24.1 (288537913)|EMAIL_QUEUE|[13]|subject: Flight Path Change, bccSender: false, saveAsActivity: true, useSignature: true, toAddresses: [juneaupaul3@gmail.com], plainTextBody: Mission Control 123: Your flight path has been changed to avoid collision with asteroid 2014 QO441., 
13:57:24.1 (288638779)|HEAP_ALLOCATE|[EXTERNAL]|Bytes:8
13:57:24.1 (288687604)|HEAP_ALLOCATE|[13]|Bytes:8
13:57:24.1 (288721396)|VARIABLE_SCOPE_BEGIN|[13]|results|List<Messaging.SendEmailResult>|true|false
13:57:24.1 (288845627)|VARIABLE_ASSIGNMENT|[13]|results|"common.apex.runtime.impl.ScalarList@5dee451a"|0x192e1f26
13:57:24.1 (289659238)|STATEMENT_EXECUTE|[17]
13:57:24.1 (289728318)|METHOD_ENTRY|[17]|01p3600000Im11I|EmailMissionSpecialist.inspectResults(List<Messaging.SendEmailResult>)
13:57:24.1 (289771777)|VARIABLE_SCOPE_BEGIN|[21]|results|List<Messaging.SendEmailResult>|true|false
13:57:24.1 (289863342)|VARIABLE_ASSIGNMENT|[21]|results|"common.apex.runtime.impl.ScalarList@5dee451a"|0x192e1f26
13:57:24.1 (289875274)|STATEMENT_EXECUTE|[21]
13:57:24.1 (289879612)|STATEMENT_EXECUTE|[22]
13:57:24.1 (289888570)|VARIABLE_SCOPE_BEGIN|[22]|sendResult|Boolean|false|false
13:57:24.1 (289897712)|HEAP_ALLOCATE|[22]|Bytes:5
13:57:24.1 (289908640)|VARIABLE_ASSIGNMENT|[22]|sendResult|true
13:57:24.1 (290092690)|HEAP_ALLOCATE|[27]|Bytes:5
13:57:24.1 (290265915)|HEAP_ALLOCATE|[27]|Bytes:4
13:57:24.1 (290301140)|VARIABLE_SCOPE_BEGIN|[27]|res|Messaging.SendEmailResult|true|false
13:57:24.1 (290377907)|VARIABLE_ASSIGNMENT|[27]|res|"common.api.soap.wsdl.SendEmailResult@5dee44fb"|0x3f18cd8d
13:57:24.1 (290387907)|STATEMENT_EXECUTE|[27]
13:57:24.1 (290419864)|STATEMENT_EXECUTE|[28]
13:57:24.1 (290428897)|STATEMENT_EXECUTE|[29]
13:57:24.1 (290435396)|HEAP_ALLOCATE|[29]|Bytes:23
13:57:24.1 (290484809)|USER_DEBUG|[29]|DEBUG|Email sent successfully
13:57:24.1 (290505758)|HEAP_ALLOCATE|[27]|Bytes:5
13:57:24.1 (290522029)|VARIABLE_ASSIGNMENT|[27]|res|null|
13:57:24.1 (290528220)|STATEMENT_EXECUTE|[36]
13:57:24.1 (290536380)|METHOD_EXIT|[17]|01p3600000Im11I|EmailMissionSpecialist.inspectResults(List<Messaging.SendEmailResult>)
13:57:24.1 (290547560)|METHOD_EXIT|[2]|01p3600000Im11I|EmailMissionSpecialist.sendMail(String, String, String)
13:57:24.1 (290560389)|SYSTEM_MODE_EXIT|false
13:57:24.323 (323060253)|CUMULATIVE_LIMIT_USAGE
13:57:24.323 (323060253)|LIMIT_USAGE_FOR_NS|(default)|
  Number of SOQL queries: 0 out of 100
  Number of query rows: 0 out of 50000
  Number of SOSL queries: 0 out of 20
  Number of DML statements: 0 out of 150
  Number of DML rows: 0 out of 10000
  Maximum CPU time: 0 out of 10000
  Maximum heap size: 0 out of 6000000
  Number of callouts: 0 out of 100
  Number of Email Invocations: 1 out of 10
  Number of future calls: 0 out of 50
  Number of queueable jobs added to the queue: 0 out of 50
  Number of Mobile Apex push calls: 0 out of 10

13:57:24.323 (323060253)|CUMULATIVE_LIMIT_USAGE_END

13:57:24.1 (323115132)|CODE_UNIT_FINISHED|execute_anonymous_apex
13:57:24.1 (324777218)|EXECUTION_FINISHED
