39.0 APEX_CODE,FINEST;APEX_PROFILING,INFO;CALLOUT,INFO;DB,INFO;SYSTEM,DEBUG;VALIDATION,INFO;VISUALFORCE,INFO;WAVE,INFO;WORKFLOW,INFO
12:31:13.0 (455836)|USER_INFO|[EXTERNAL]|00536000002KqDD|pjuneau@trailhead.com|Pacific Standard Time|GMT-07:00
12:31:13.0 (483213)|EXECUTION_STARTED
12:31:13.0 (487487)|CODE_UNIT_STARTED|[EXTERNAL]|06636000006SQzq|VF: /apex/ContactList
12:31:13.0 (1137079)|VF_DESERIALIZE_VIEWSTATE_BEGIN|06636000006SQzq
12:31:13.0 (18863451)|VF_DESERIALIZE_VIEWSTATE_END
12:31:13.0 (147657570)|VF_SERIALIZE_VIEWSTATE_BEGIN|06636000006SQzq
12:31:13.0 (156651289)|VF_SERIALIZE_VIEWSTATE_END
12:31:13.0 (157553404)|CODE_UNIT_STARTED|[EXTERNAL]|Generate Metadata
12:31:13.0 (158131395)|CODE_UNIT_FINISHED|Generate Metadata
12:31:13.160 (160794718)|CUMULATIVE_LIMIT_USAGE
12:31:13.160 (160794718)|LIMIT_USAGE_FOR_NS|(default)|
  Number of SOQL queries: 0 out of 100
  Number of query rows: 0 out of 50000
  Number of SOSL queries: 0 out of 20
  Number of DML statements: 0 out of 150
  Number of DML rows: 0 out of 10000
  Maximum CPU time: 0 out of 10000
  Maximum heap size: 0 out of 6000000
  Number of callouts: 0 out of 100
  Number of Email Invocations: 0 out of 10
  Number of future calls: 0 out of 50
  Number of queueable jobs added to the queue: 0 out of 50
  Number of Mobile Apex push calls: 0 out of 10

12:31:13.160 (160794718)|CUMULATIVE_LIMIT_USAGE_END

12:31:13.0 (160838530)|CODE_UNIT_FINISHED|VF: /apex/ContactList
12:31:13.0 (161957507)|EXECUTION_FINISHED
