39.0 APEX_CODE,FINEST;APEX_PROFILING,INFO;CALLOUT,INFO;DB,INFO;SYSTEM,DEBUG;VALIDATION,INFO;VISUALFORCE,INFO;WAVE,INFO;WORKFLOW,INFO
00:56:37.3 (3492762)|USER_INFO|[EXTERNAL]|00536000002KqDD|pjuneau@trailhead.com|Pacific Standard Time|GMT-07:00
00:56:37.3 (3542234)|EXECUTION_STARTED
00:56:37.3 (3549756)|CODE_UNIT_STARTED|[EXTERNAL]|06636000006SPrI|VF: /apex/AccountSummary
00:56:37.35 (35966544)|CUMULATIVE_LIMIT_USAGE
00:56:37.35 (35966544)|LIMIT_USAGE_FOR_NS|(default)|
  Number of SOQL queries: 0 out of 100
  Number of query rows: 0 out of 50000
  Number of SOSL queries: 0 out of 20
  Number of DML statements: 0 out of 150
  Number of DML rows: 0 out of 10000
  Maximum CPU time: 0 out of 10000
  Maximum heap size: 0 out of 6000000
  Number of callouts: 0 out of 100
  Number of Email Invocations: 0 out of 10
  Number of future calls: 0 out of 50
  Number of queueable jobs added to the queue: 0 out of 50
  Number of Mobile Apex push calls: 0 out of 10

00:56:37.35 (35966544)|CUMULATIVE_LIMIT_USAGE_END

00:56:37.3 (36029545)|CODE_UNIT_FINISHED|VF: /apex/AccountSummary
00:56:37.3 (37747572)|EXECUTION_FINISHED
