39.0 APEX_CODE,FINEST;APEX_PROFILING,INFO;CALLOUT,INFO;DB,INFO;SYSTEM,DEBUG;VALIDATION,INFO;VISUALFORCE,INFO;WAVE,INFO;WORKFLOW,INFO
01:10:26.0 (82529)|USER_INFO|[EXTERNAL]|00536000002KqDD|pjuneau@trailhead.com|Pacific Standard Time|GMT-07:00
01:10:26.0 (114068)|EXECUTION_STARTED
01:10:26.0 (119496)|CODE_UNIT_STARTED|[EXTERNAL]|06636000006SPrN|VF: /apex/ContactView
01:10:26.32 (32929712)|CUMULATIVE_LIMIT_USAGE
01:10:26.32 (32929712)|LIMIT_USAGE_FOR_NS|(default)|
  Number of SOQL queries: 0 out of 100
  Number of query rows: 0 out of 50000
  Number of SOSL queries: 0 out of 20
  Number of DML statements: 0 out of 150
  Number of DML rows: 0 out of 10000
  Maximum CPU time: 0 out of 10000
  Maximum heap size: 0 out of 6000000
  Number of callouts: 0 out of 100
  Number of Email Invocations: 0 out of 10
  Number of future calls: 0 out of 50
  Number of queueable jobs added to the queue: 0 out of 50
  Number of Mobile Apex push calls: 0 out of 10

01:10:26.32 (32929712)|CUMULATIVE_LIMIT_USAGE_END

01:10:26.0 (32974276)|CODE_UNIT_FINISHED|VF: /apex/ContactView
01:10:26.0 (35946037)|EXECUTION_FINISHED
