39.0 APEX_CODE,FINEST;APEX_PROFILING,INFO;CALLOUT,INFO;DB,INFO;SYSTEM,DEBUG;VALIDATION,INFO;VISUALFORCE,INFO;WAVE,INFO;WORKFLOW,INFO
Execute Anonymous: List<List<sObject>> searchList = [FIND 'Wingo OR SFDC' IN ALL FIELDS 
Execute Anonymous:                    RETURNING Account(Name),Contact(FirstName,LastName,Department)];
Execute Anonymous: Account[] searchAccounts = (Account[])searchList[0];
Execute Anonymous: Contact[] searchContacts = (Contact[])searchList[1];
Execute Anonymous: 
Execute Anonymous: System.debug('Found the following accounts.');
Execute Anonymous: for (Account a : searchAccounts) {
Execute Anonymous:     System.debug(a.Name);
Execute Anonymous: }
Execute Anonymous: 
Execute Anonymous: System.debug('Found the following contacts.');
Execute Anonymous: for (Contact c : searchContacts) {
Execute Anonymous:     System.debug(c.LastName + ', ' + c.FirstName + ', ' + c.Department);
Execute Anonymous: }
12:26:35.1 (1863323)|USER_INFO|[EXTERNAL]|00536000002KqDD|pjuneau@trailhead.com|Pacific Standard Time|GMT-07:00
12:26:35.1 (1881989)|EXECUTION_STARTED
12:26:35.1 (1888414)|CODE_UNIT_STARTED|[EXTERNAL]|execute_anonymous_apex
12:26:35.1 (2168309)|VARIABLE_SCOPE_BEGIN|[3]|searchAccounts|List<Account>|true|false
12:26:35.1 (2215826)|VARIABLE_SCOPE_BEGIN|[4]|searchContacts|List<Contact>|true|false
12:26:35.1 (2226747)|VARIABLE_SCOPE_BEGIN|[1]|searchList|List<List<SObject>>|true|false
12:26:35.1 (2366555)|HEAP_ALLOCATE|[72]|Bytes:3
12:26:35.1 (2408141)|HEAP_ALLOCATE|[77]|Bytes:152
12:26:35.1 (2430486)|HEAP_ALLOCATE|[342]|Bytes:408
12:26:35.1 (2460526)|HEAP_ALLOCATE|[355]|Bytes:408
12:26:35.1 (2490078)|HEAP_ALLOCATE|[467]|Bytes:48
12:26:35.1 (2527367)|HEAP_ALLOCATE|[139]|Bytes:6
12:26:35.1 (2557523)|HEAP_ALLOCATE|[EXTERNAL]|Bytes:20
12:26:35.1 (2765281)|STATEMENT_EXECUTE|[1]
12:26:35.1 (2769690)|STATEMENT_EXECUTE|[1]
12:26:35.1 (2775078)|HEAP_ALLOCATE|[1]|Bytes:100
12:26:35.1 (2786283)|HEAP_ALLOCATE|[1]|Bytes:4
12:26:35.1 (2833629)|HEAP_ALLOCATE|[50]|Bytes:5
12:26:35.1 (2860619)|HEAP_ALLOCATE|[56]|Bytes:5
12:26:35.1 (2872901)|HEAP_ALLOCATE|[64]|Bytes:7
12:26:35.1 (3405940)|SOSL_EXECUTE_BEGIN|[1]|FIND 'Wingo OR SFDC' IN ALL FIELDS RETURNING account(Name), contact(FirstName, LastName, Department)
12:26:35.1 (89514400)|HEAP_ALLOCATE|[1]|Bytes:4
12:26:35.1 (89524229)|HEAP_ALLOCATE|[1]|Bytes:4
12:26:35.1 (89529128)|HEAP_ALLOCATE|[1]|Bytes:4
12:26:35.1 (89544871)|HEAP_ALLOCATE|[1]|Bytes:4
12:26:35.1 (89547926)|HEAP_ALLOCATE|[1]|Bytes:4
12:26:35.1 (89578289)|HEAP_ALLOCATE|[1]|Bytes:12
12:26:35.1 (89641737)|SOSL_EXECUTE_END|[1]|Rows:3
12:26:35.1 (89707927)|HEAP_ALLOCATE|[1]|Bytes:12
12:26:35.1 (89799733)|VARIABLE_ASSIGNMENT|[1]|searchList|[[{"Name":"SFDC Computing","Id":"0013600001172wrAAA"},{"Name":"The SFDC Query Man","Id":"0013600001172wsAAA"}],[{"FirstName":"Carol","LastName":"Ruiz","Department":"Wingo","Id":"0033600000vED6fAAG"}]]|0x32a9a9d3
12:26:35.1 (89808161)|STATEMENT_EXECUTE|[3]
12:26:35.1 (89861282)|HEAP_ALLOCATE|[3]|Bytes:12
12:26:35.1 (89938086)|VARIABLE_ASSIGNMENT|[3]|searchAccounts|[{"Name":"SFDC Computing","Id":"0013600001172wrAAA"},{"Name":"The SFDC Query Man","Id":"0013600001172wsAAA"}]|0x233cdee5
12:26:35.1 (89944568)|STATEMENT_EXECUTE|[4]
12:26:35.1 (89983608)|HEAP_ALLOCATE|[4]|Bytes:8
12:26:35.1 (90055216)|VARIABLE_ASSIGNMENT|[4]|searchContacts|[{"FirstName":"Carol","LastName":"Ruiz","Department":"Wingo","Id":"0033600000vED6fAAG"}]|0x2eda73b4
12:26:35.1 (90061987)|STATEMENT_EXECUTE|[6]
12:26:35.1 (90069979)|HEAP_ALLOCATE|[6]|Bytes:29
12:26:35.1 (90146667)|USER_DEBUG|[6]|DEBUG|Found the following accounts.
12:26:35.1 (90575962)|HEAP_ALLOCATE|[7]|Bytes:5
12:26:35.1 (90650345)|HEAP_ALLOCATE|[7]|Bytes:12
12:26:35.1 (90682444)|VARIABLE_SCOPE_BEGIN|[7]|a|Account|true|false
12:26:35.1 (90706373)|VARIABLE_ASSIGNMENT|[7]|a|{"Name":"SFDC Computing","Id":"0013600001172wrAAA"}|0x740d3a5d
12:26:35.1 (90712713)|STATEMENT_EXECUTE|[7]
12:26:35.1 (90714889)|STATEMENT_EXECUTE|[8]
12:26:35.1 (90785824)|USER_DEBUG|[8]|DEBUG|SFDC Computing
12:26:35.1 (90809969)|HEAP_ALLOCATE|[7]|Bytes:5
12:26:35.1 (90848159)|HEAP_ALLOCATE|[7]|Bytes:12
12:26:35.1 (90861043)|VARIABLE_SCOPE_BEGIN|[7]|a|Account|true|false
12:26:35.1 (90878151)|VARIABLE_ASSIGNMENT|[7]|a|{"Name":"The SFDC Query Man","Id":"0013600001172wsAAA"}|0x4dcde6f9
12:26:35.1 (90883451)|STATEMENT_EXECUTE|[7]
12:26:35.1 (90885338)|STATEMENT_EXECUTE|[8]
12:26:35.1 (90910172)|USER_DEBUG|[8]|DEBUG|The SFDC Query Man
12:26:35.1 (90930935)|HEAP_ALLOCATE|[7]|Bytes:5
12:26:35.1 (90951587)|VARIABLE_ASSIGNMENT|[7]|a|null|
12:26:35.1 (90957370)|STATEMENT_EXECUTE|[11]
12:26:35.1 (90974525)|HEAP_ALLOCATE|[11]|Bytes:29
12:26:35.1 (91004617)|USER_DEBUG|[11]|DEBUG|Found the following contacts.
12:26:35.1 (91156098)|HEAP_ALLOCATE|[12]|Bytes:5
12:26:35.1 (91211128)|HEAP_ALLOCATE|[12]|Bytes:20
12:26:35.1 (91224737)|VARIABLE_SCOPE_BEGIN|[12]|c|Contact|true|false
12:26:35.1 (91244264)|VARIABLE_ASSIGNMENT|[12]|c|{"FirstName":"Carol","LastName":"Ruiz","Department":"Wingo","Id":"0033600000vED6fAAG"}|0x46c99285
12:26:35.1 (91250215)|STATEMENT_EXECUTE|[12]
12:26:35.1 (91252452)|STATEMENT_EXECUTE|[13]
12:26:35.1 (91292064)|HEAP_ALLOCATE|[13]|Bytes:2
12:26:35.1 (91369750)|HEAP_ALLOCATE|[13]|Bytes:18
12:26:35.1 (91409747)|USER_DEBUG|[13]|DEBUG|Ruiz, Carol, Wingo
12:26:35.1 (91434483)|HEAP_ALLOCATE|[12]|Bytes:5
12:26:35.1 (91459320)|VARIABLE_ASSIGNMENT|[12]|c|null|
12:26:35.91 (91511856)|CUMULATIVE_LIMIT_USAGE
12:26:35.91 (91511856)|LIMIT_USAGE_FOR_NS|(default)|
  Number of SOQL queries: 0 out of 100
  Number of query rows: 0 out of 50000
  Number of SOSL queries: 1 out of 20
  Number of DML statements: 0 out of 150
  Number of DML rows: 0 out of 10000
  Maximum CPU time: 0 out of 10000
  Maximum heap size: 0 out of 6000000
  Number of callouts: 0 out of 100
  Number of Email Invocations: 0 out of 10
  Number of future calls: 0 out of 50
  Number of queueable jobs added to the queue: 0 out of 50
  Number of Mobile Apex push calls: 0 out of 10

12:26:35.91 (91511856)|CUMULATIVE_LIMIT_USAGE_END

12:26:35.1 (91561815)|CODE_UNIT_FINISHED|execute_anonymous_apex
12:26:35.1 (94297290)|EXECUTION_FINISHED
