39.0 APEX_CODE,FINEST;APEX_PROFILING,INFO;CALLOUT,INFO;DB,INFO;SYSTEM,DEBUG;VALIDATION,INFO;VISUALFORCE,INFO;WAVE,INFO;WORKFLOW,INFO
12:39:40.0 (583585)|USER_INFO|[EXTERNAL]|00536000002KqDD|pjuneau@trailhead.com|Pacific Standard Time|GMT-07:00
12:39:40.0 (616180)|EXECUTION_STARTED
12:39:40.0 (621349)|CODE_UNIT_STARTED|[EXTERNAL]|TRIGGERS
12:39:40.0 (658676)|CODE_UNIT_STARTED|[EXTERNAL]|01q36000001N8Mg|RestrictContactByName on Contact trigger event BeforeInsert for [new]
12:39:40.0 (699348)|HEAP_ALLOCATE|[EXTERNAL]|Bytes:8
12:39:40.0 (1391639)|HEAP_ALLOCATE|[72]|Bytes:3
12:39:40.0 (1462438)|HEAP_ALLOCATE|[77]|Bytes:152
12:39:40.0 (1479931)|HEAP_ALLOCATE|[342]|Bytes:408
12:39:40.0 (1500646)|HEAP_ALLOCATE|[355]|Bytes:408
12:39:40.0 (1520209)|HEAP_ALLOCATE|[467]|Bytes:48
12:39:40.0 (1552324)|HEAP_ALLOCATE|[139]|Bytes:6
12:39:40.0 (1581527)|HEAP_ALLOCATE|[EXTERNAL]|Bytes:4
12:39:40.0 (1613774)|VARIABLE_SCOPE_BEGIN|[1]|this|RestrictContactByName|true|false
12:39:40.0 (1664771)|VARIABLE_ASSIGNMENT|[1]|this|{}|0x42098b6b
12:39:40.0 (1723374)|HEAP_ALLOCATE|[EXTERNAL]|Bytes:4
12:39:40.0 (1857079)|VARIABLE_SCOPE_BEGIN|[1]|this|RestrictContactByName|true|false
12:39:40.0 (1875841)|VARIABLE_ASSIGNMENT|[1]|this|{}|0x42098b6b
12:39:40.0 (1882306)|STATEMENT_EXECUTE|[1]
12:39:40.0 (1920771)|HEAP_ALLOCATE|[50]|Bytes:5
12:39:40.0 (1961617)|HEAP_ALLOCATE|[56]|Bytes:5
12:39:40.0 (1971736)|HEAP_ALLOCATE|[64]|Bytes:7
12:39:40.0 (2346968)|HEAP_ALLOCATE|[4]|Bytes:5
12:39:40.0 (2403371)|HEAP_ALLOCATE|[4]|Bytes:4
12:39:40.0 (2414990)|VARIABLE_SCOPE_BEGIN|[4]|c|Contact|true|false
12:39:40.0 (5448341)|VARIABLE_ASSIGNMENT|[4]|c|{"IsDeleted":false,"IsEmailBounced":false,"CleanStatus":"Pending","DoNotCall":false,"OwnerId":"00536000002KqDDAA0","FirstName":"Paul","HasOptedOutOfEmail":false,"HasOptedOutOfFax":false,"LastName":"Test1"}|0xc98ecc7
12:39:40.0 (5462199)|STATEMENT_EXECUTE|[4]
12:39:40.0 (5494657)|HEAP_ALLOCATE|[5]|Bytes:11
12:39:40.0 (5531215)|STATEMENT_EXECUTE|[5]
12:39:40.0 (5556146)|HEAP_ALLOCATE|[4]|Bytes:5
12:39:40.0 (5575011)|VARIABLE_ASSIGNMENT|[4]|c|null|
12:39:40.5 (5586411)|CUMULATIVE_LIMIT_USAGE
12:39:40.5 (5586411)|LIMIT_USAGE_FOR_NS|(default)|
  Number of SOQL queries: 0 out of 100
  Number of query rows: 0 out of 50000
  Number of SOSL queries: 0 out of 20
  Number of DML statements: 0 out of 150
  Number of DML rows: 0 out of 10000
  Maximum CPU time: 0 out of 10000
  Maximum heap size: 0 out of 6000000
  Number of callouts: 0 out of 100
  Number of Email Invocations: 0 out of 10
  Number of future calls: 0 out of 50
  Number of queueable jobs added to the queue: 0 out of 50
  Number of Mobile Apex push calls: 0 out of 10

12:39:40.5 (5586411)|CUMULATIVE_LIMIT_USAGE_END

12:39:40.0 (7197812)|CODE_UNIT_FINISHED|RestrictContactByName on Contact trigger event BeforeInsert for [new]
12:39:40.0 (341750639)|CODE_UNIT_FINISHED|TRIGGERS
12:39:40.0 (341778368)|EXECUTION_FINISHED
