39.0 APEX_CODE,FINEST;APEX_PROFILING,INFO;CALLOUT,INFO;DB,INFO;SYSTEM,DEBUG;VALIDATION,INFO;VISUALFORCE,INFO;WAVE,INFO;WORKFLOW,INFO
Execute Anonymous: EmailMissionSpecialist em = new EmailMissionSpecialist();
Execute Anonymous: em.sendMail('testingemail', 'Flight Path Change', 
Execute Anonymous:    'Mission Control 123: Your flight path has been changed to avoid collision '
Execute Anonymous:    + 'with asteroid 2014 QO441.');
22:07:28.3 (3829976)|USER_INFO|[EXTERNAL]|00536000002KqDD|pjuneau@trailhead.com|Pacific Standard Time|GMT-07:00
22:07:28.3 (3846482)|EXECUTION_STARTED
22:07:28.3 (3850566)|CODE_UNIT_STARTED|[EXTERNAL]|execute_anonymous_apex
22:07:28.3 (5729359)|VARIABLE_SCOPE_BEGIN|[1]|em|EmailMissionSpecialist|true|false
22:07:28.3 (5892612)|HEAP_ALLOCATE|[72]|Bytes:3
22:07:28.3 (5949917)|HEAP_ALLOCATE|[77]|Bytes:152
22:07:28.3 (5966948)|HEAP_ALLOCATE|[342]|Bytes:408
22:07:28.3 (5987198)|HEAP_ALLOCATE|[355]|Bytes:408
22:07:28.3 (6007338)|HEAP_ALLOCATE|[467]|Bytes:48
22:07:28.3 (6038639)|HEAP_ALLOCATE|[139]|Bytes:6
22:07:28.3 (6067471)|HEAP_ALLOCATE|[EXTERNAL]|Bytes:5
22:07:28.3 (6104377)|STATEMENT_EXECUTE|[1]
22:07:28.3 (6107132)|STATEMENT_EXECUTE|[1]
22:07:28.3 (6111648)|HEAP_ALLOCATE|[1]|Bytes:4
22:07:28.3 (6135392)|HEAP_ALLOCATE|[1]|Bytes:5
22:07:28.3 (6169350)|METHOD_ENTRY|[1]|01p3600000Im11I|EmailMissionSpecialist.EmailMissionSpecialist()
22:07:28.3 (6173030)|STATEMENT_EXECUTE|[1]
22:07:28.3 (6177460)|STATEMENT_EXECUTE|[1]
22:07:28.3 (6182135)|METHOD_EXIT|[1]|EmailMissionSpecialist
22:07:28.3 (6199877)|HEAP_ALLOCATE|[1]|Bytes:4
22:07:28.3 (6238458)|HEAP_ALLOCATE|[50]|Bytes:5
22:07:28.3 (6257482)|HEAP_ALLOCATE|[56]|Bytes:5
22:07:28.3 (6266481)|HEAP_ALLOCATE|[64]|Bytes:7
22:07:28.3 (6286979)|SYSTEM_MODE_ENTER|false
22:07:28.3 (6308283)|HEAP_ALLOCATE|[1]|Bytes:5
22:07:28.3 (6321211)|CONSTRUCTOR_ENTRY|[1]|01p3600000Im11I|<init>()
22:07:28.3 (6350709)|VARIABLE_SCOPE_BEGIN|[1]|this|EmailMissionSpecialist|true|false
22:07:28.3 (6415648)|VARIABLE_ASSIGNMENT|[1]|this|{}|0x74399d6
22:07:28.3 (6426623)|HEAP_ALLOCATE|[EXTERNAL]|Bytes:6
22:07:28.3 (6450417)|STATEMENT_EXECUTE|[1]
22:07:28.3 (6456359)|CONSTRUCTOR_EXIT|[1]|01p3600000Im11I|<init>()
22:07:28.3 (6463073)|SYSTEM_MODE_EXIT|false
22:07:28.3 (6482847)|VARIABLE_ASSIGNMENT|[1]|em|{}|0x74399d6
22:07:28.3 (6485646)|STATEMENT_EXECUTE|[2]
22:07:28.3 (6490657)|HEAP_ALLOCATE|[2]|Bytes:12
22:07:28.3 (6494293)|HEAP_ALLOCATE|[2]|Bytes:18
22:07:28.3 (6496655)|HEAP_ALLOCATE|[3]|Bytes:99
22:07:28.3 (6521573)|SYSTEM_MODE_ENTER|false
22:07:28.3 (6531681)|HEAP_ALLOCATE|[2]|Bytes:5
22:07:28.3 (6568188)|METHOD_ENTRY|[2]|01p3600000Im11I|EmailMissionSpecialist.sendMail(String, String, String)
22:07:28.3 (6608308)|VARIABLE_SCOPE_BEGIN|[4]|this|EmailMissionSpecialist|true|false
22:07:28.3 (6630477)|VARIABLE_ASSIGNMENT|[4]|this|{}|0x74399d6
22:07:28.3 (6635215)|VARIABLE_SCOPE_BEGIN|[4]|address|String|false|false
22:07:28.3 (6643639)|VARIABLE_ASSIGNMENT|[4]|address|"testingemail"
22:07:28.3 (6645901)|VARIABLE_SCOPE_BEGIN|[4]|subject|String|false|false
22:07:28.3 (6648966)|VARIABLE_ASSIGNMENT|[4]|subject|"Flight Path Change"
22:07:28.3 (6651771)|VARIABLE_SCOPE_BEGIN|[4]|body|String|false|false
22:07:28.3 (6658745)|VARIABLE_ASSIGNMENT|[4]|body|"Mission Control 123: (79 more) ..."
22:07:28.3 (6666518)|STATEMENT_EXECUTE|[4]
22:07:28.3 (6667966)|STATEMENT_EXECUTE|[6]
22:07:28.3 (6735455)|VARIABLE_SCOPE_BEGIN|[6]|mail|Messaging.SingleEmailMessage|true|false
22:07:28.3 (6983678)|VARIABLE_ASSIGNMENT|[6]|mail|"common.api.soap.wsdl.SingleEmailMessage@2265eb5a"|0x78425b1e
22:07:28.3 (6988666)|STATEMENT_EXECUTE|[7]
22:07:28.3 (7040714)|HEAP_ALLOCATE|[7]|Bytes:4
22:07:28.3 (7104924)|VARIABLE_SCOPE_BEGIN|[7]|toAddresses|List<String>|true|false
22:07:28.3 (7144650)|HEAP_ALLOCATE|[EXTERNAL]|Bytes:8
22:07:28.3 (7157241)|VARIABLE_ASSIGNMENT|[7]|toAddresses|["testingemail"]|0x7e029c49
22:07:28.3 (7160600)|STATEMENT_EXECUTE|[8]
22:07:28.3 (7195154)|STATEMENT_EXECUTE|[9]
22:07:28.3 (7228910)|STATEMENT_EXECUTE|[10]
22:07:28.3 (7244120)|STATEMENT_EXECUTE|[13]
22:07:28.3 (7272848)|HEAP_ALLOCATE|[14]|Bytes:4
22:07:28.3 (7365541)|HEAP_ALLOCATE|[EXTERNAL]|Bytes:8
22:07:28.3 (7562483)|HEAP_ALLOCATE|[EXTERNAL]|Bytes:8
22:07:28.3 (12080507)|EXCEPTION_THROWN|[13]|System.EmailException: SendEmail failed. First exception on row 0; first error: INVALID_EMAIL_ADDRESS, Email address is invalid: testingemail: [toAddresses, testingemail]
22:07:28.3 (12625361)|HEAP_ALLOCATE|[13]|Bytes:151
22:07:28.3 (12646113)|METHOD_EXIT|[2]|01p3600000Im11I|EmailMissionSpecialist.sendMail(String, String, String)
22:07:28.3 (12657181)|SYSTEM_MODE_EXIT|false
22:07:28.3 (12792698)|FATAL_ERROR|System.EmailException: SendEmail failed. First exception on row 0; first error: INVALID_EMAIL_ADDRESS, Email address is invalid: testingemail: [toAddresses, testingemail]

Class.EmailMissionSpecialist.sendMail: line 13, column 1
AnonymousBlock: line 2, column 1
AnonymousBlock: line 2, column 1
22:07:28.12 (12806356)|CUMULATIVE_LIMIT_USAGE
22:07:28.12 (12806356)|LIMIT_USAGE_FOR_NS|(default)|
  Number of SOQL queries: 0 out of 100
  Number of query rows: 0 out of 50000
  Number of SOSL queries: 0 out of 20
  Number of DML statements: 0 out of 150
  Number of DML rows: 0 out of 10000
  Maximum CPU time: 0 out of 10000
  Maximum heap size: 0 out of 6000000
  Number of callouts: 0 out of 100
  Number of Email Invocations: 0 out of 10
  Number of future calls: 0 out of 50
  Number of queueable jobs added to the queue: 0 out of 50
  Number of Mobile Apex push calls: 0 out of 10

22:07:28.12 (12806356)|CUMULATIVE_LIMIT_USAGE_END

22:07:28.3 (12861821)|CODE_UNIT_FINISHED|execute_anonymous_apex
22:07:28.3 (14747217)|EXECUTION_FINISHED
