39.0 APEX_CODE,FINEST;APEX_PROFILING,INFO;CALLOUT,INFO;DB,INFO;SYSTEM,DEBUG;VALIDATION,INFO;VISUALFORCE,INFO;WAVE,INFO;WORKFLOW,INFO
Execute Anonymous: List<List<sObject>> searchList = [FIND 'Wingo OR SFDC' IN ALL FIELDS 
Execute Anonymous:                    RETURNING Account(Name),Contact(FirstName,LastName,Department)];
Execute Anonymous: Account[] searchAccounts = (Account[])searchList[0];
Execute Anonymous: Contact[] searchContacts = (Contact[])searchList[1];
Execute Anonymous: 
Execute Anonymous: System.debug('Found the following accounts.');
Execute Anonymous: for (Account a : searchAccounts) {
Execute Anonymous:     System.debug(a.Name);
Execute Anonymous: }
Execute Anonymous: 
Execute Anonymous: System.debug('Found the following contacts.');
Execute Anonymous: for (Contact c : searchContacts) {
Execute Anonymous:     System.debug(c.LastName + ', ' + c.FirstName);
Execute Anonymous: }
12:24:46.2 (2260790)|USER_INFO|[EXTERNAL]|00536000002KqDD|pjuneau@trailhead.com|Pacific Standard Time|GMT-07:00
12:24:46.2 (2277785)|EXECUTION_STARTED
12:24:46.2 (2283606)|CODE_UNIT_STARTED|[EXTERNAL]|execute_anonymous_apex
12:24:46.2 (2502109)|VARIABLE_SCOPE_BEGIN|[3]|searchAccounts|List<Account>|true|false
12:24:46.2 (2538351)|VARIABLE_SCOPE_BEGIN|[4]|searchContacts|List<Contact>|true|false
12:24:46.2 (2546407)|VARIABLE_SCOPE_BEGIN|[1]|searchList|List<List<SObject>>|true|false
12:24:46.2 (2671313)|HEAP_ALLOCATE|[72]|Bytes:3
12:24:46.2 (2717362)|HEAP_ALLOCATE|[77]|Bytes:152
12:24:46.2 (2730458)|HEAP_ALLOCATE|[342]|Bytes:408
12:24:46.2 (2747514)|HEAP_ALLOCATE|[355]|Bytes:408
12:24:46.2 (2762648)|HEAP_ALLOCATE|[467]|Bytes:48
12:24:46.2 (2791245)|HEAP_ALLOCATE|[139]|Bytes:6
12:24:46.2 (2818640)|HEAP_ALLOCATE|[EXTERNAL]|Bytes:20
12:24:46.2 (2999023)|STATEMENT_EXECUTE|[1]
12:24:46.2 (3002427)|STATEMENT_EXECUTE|[1]
12:24:46.2 (3007280)|HEAP_ALLOCATE|[1]|Bytes:100
12:24:46.2 (3017184)|HEAP_ALLOCATE|[1]|Bytes:4
12:24:46.2 (3056276)|HEAP_ALLOCATE|[50]|Bytes:5
12:24:46.2 (3077669)|HEAP_ALLOCATE|[56]|Bytes:5
12:24:46.2 (3085775)|HEAP_ALLOCATE|[64]|Bytes:7
12:24:46.2 (3432540)|SOSL_EXECUTE_BEGIN|[1]|FIND 'Wingo OR SFDC' IN ALL FIELDS RETURNING account(Name), contact(FirstName, LastName, Department)
12:24:46.2 (82411172)|HEAP_ALLOCATE|[1]|Bytes:4
12:24:46.2 (82421839)|HEAP_ALLOCATE|[1]|Bytes:4
12:24:46.2 (82425047)|HEAP_ALLOCATE|[1]|Bytes:4
12:24:46.2 (82431006)|HEAP_ALLOCATE|[1]|Bytes:4
12:24:46.2 (82432613)|HEAP_ALLOCATE|[1]|Bytes:4
12:24:46.2 (82441997)|HEAP_ALLOCATE|[1]|Bytes:12
12:24:46.2 (82495616)|SOSL_EXECUTE_END|[1]|Rows:3
12:24:46.2 (82564150)|HEAP_ALLOCATE|[1]|Bytes:12
12:24:46.2 (82645317)|VARIABLE_ASSIGNMENT|[1]|searchList|[[{"Name":"SFDC Computing","Id":"0013600001172wrAAA"},{"Name":"The SFDC Query Man","Id":"0013600001172wsAAA"}],[{"FirstName":"Carol","LastName":"Ruiz","Department":"Wingo","Id":"0033600000vED6fAAG"}]]|0x63e003dc
12:24:46.2 (82652376)|STATEMENT_EXECUTE|[3]
12:24:46.2 (82697332)|HEAP_ALLOCATE|[3]|Bytes:12
12:24:46.2 (82760143)|VARIABLE_ASSIGNMENT|[3]|searchAccounts|[{"Name":"SFDC Computing","Id":"0013600001172wrAAA"},{"Name":"The SFDC Query Man","Id":"0013600001172wsAAA"}]|0x16f1ec90
12:24:46.2 (82764312)|STATEMENT_EXECUTE|[4]
12:24:46.2 (82789333)|HEAP_ALLOCATE|[4]|Bytes:8
12:24:46.2 (82821558)|VARIABLE_ASSIGNMENT|[4]|searchContacts|[{"FirstName":"Carol","LastName":"Ruiz","Department":"Wingo","Id":"0033600000vED6fAAG"}]|0x5630b02d
12:24:46.2 (82825453)|STATEMENT_EXECUTE|[6]
12:24:46.2 (82830634)|HEAP_ALLOCATE|[6]|Bytes:29
12:24:46.2 (82898804)|USER_DEBUG|[6]|DEBUG|Found the following accounts.
12:24:46.2 (83172596)|HEAP_ALLOCATE|[7]|Bytes:5
12:24:46.2 (83226870)|HEAP_ALLOCATE|[7]|Bytes:12
12:24:46.2 (83241384)|VARIABLE_SCOPE_BEGIN|[7]|a|Account|true|false
12:24:46.2 (83258727)|VARIABLE_ASSIGNMENT|[7]|a|{"Name":"SFDC Computing","Id":"0013600001172wrAAA"}|0x20b64d9c
12:24:46.2 (83262501)|STATEMENT_EXECUTE|[7]
12:24:46.2 (83263695)|STATEMENT_EXECUTE|[8]
12:24:46.2 (83324473)|USER_DEBUG|[8]|DEBUG|SFDC Computing
12:24:46.2 (83344362)|HEAP_ALLOCATE|[7]|Bytes:5
12:24:46.2 (83367351)|HEAP_ALLOCATE|[7]|Bytes:12
12:24:46.2 (83375677)|VARIABLE_SCOPE_BEGIN|[7]|a|Account|true|false
12:24:46.2 (83387708)|VARIABLE_ASSIGNMENT|[7]|a|{"Name":"The SFDC Query Man","Id":"0013600001172wsAAA"}|0x7c1c363
12:24:46.2 (83390763)|STATEMENT_EXECUTE|[7]
12:24:46.2 (83391879)|STATEMENT_EXECUTE|[8]
12:24:46.2 (83407542)|USER_DEBUG|[8]|DEBUG|The SFDC Query Man
12:24:46.2 (83421349)|HEAP_ALLOCATE|[7]|Bytes:5
12:24:46.2 (83433905)|VARIABLE_ASSIGNMENT|[7]|a|null|
12:24:46.2 (83437786)|STATEMENT_EXECUTE|[11]
12:24:46.2 (83441233)|HEAP_ALLOCATE|[11]|Bytes:29
12:24:46.2 (83457904)|USER_DEBUG|[11]|DEBUG|Found the following contacts.
12:24:46.2 (83557957)|HEAP_ALLOCATE|[12]|Bytes:5
12:24:46.2 (83592336)|HEAP_ALLOCATE|[12]|Bytes:20
12:24:46.2 (83601710)|VARIABLE_SCOPE_BEGIN|[12]|c|Contact|true|false
12:24:46.2 (83615550)|VARIABLE_ASSIGNMENT|[12]|c|{"FirstName":"Carol","LastName":"Ruiz","Department":"Wingo","Id":"0033600000vED6fAAG"}|0x620dd7c8
12:24:46.2 (83618879)|STATEMENT_EXECUTE|[12]
12:24:46.2 (83620100)|STATEMENT_EXECUTE|[13]
12:24:46.2 (83643597)|HEAP_ALLOCATE|[13]|Bytes:2
12:24:46.2 (83677533)|HEAP_ALLOCATE|[13]|Bytes:11
12:24:46.2 (83697948)|USER_DEBUG|[13]|DEBUG|Ruiz, Carol
12:24:46.2 (83712027)|HEAP_ALLOCATE|[12]|Bytes:5
12:24:46.2 (83723515)|VARIABLE_ASSIGNMENT|[12]|c|null|
12:24:46.83 (83775032)|CUMULATIVE_LIMIT_USAGE
12:24:46.83 (83775032)|LIMIT_USAGE_FOR_NS|(default)|
  Number of SOQL queries: 0 out of 100
  Number of query rows: 0 out of 50000
  Number of SOSL queries: 1 out of 20
  Number of DML statements: 0 out of 150
  Number of DML rows: 0 out of 10000
  Maximum CPU time: 0 out of 10000
  Maximum heap size: 0 out of 6000000
  Number of callouts: 0 out of 100
  Number of Email Invocations: 0 out of 10
  Number of future calls: 0 out of 50
  Number of queueable jobs added to the queue: 0 out of 50
  Number of Mobile Apex push calls: 0 out of 10

12:24:46.83 (83775032)|CUMULATIVE_LIMIT_USAGE_END

12:24:46.2 (83819308)|CODE_UNIT_FINISHED|execute_anonymous_apex
12:24:46.2 (86007114)|EXECUTION_FINISHED
